2019-10-14 10:17:28 270 [restartedMain] co.goho.qingxu.easy.ShiroEasyApplication-logStarting-50[INFO ] :Starting ShiroEasyApplication on qhdeMacBook-Pro.local with PID 2077 (/Users/qh/Documents/ideaWorkspace/spring-boot/shiro-easy/target/classes started by qh in /Users/qh/Documents/ideaWorkspace/spring-boot)
2019-10-14 10:17:28 272 [restartedMain] co.goho.qingxu.easy.ShiroEasyApplication-logStartupProfileInfo-652[INFO ] :The following profiles are active: druid
2019-10-14 10:17:28 311 [restartedMain] org.springframework.boot.devtools.env.DevToolsPropertyDefaultsPostProcessor-logTo-225[INFO ] :Devtools property defaults active! Set 'spring.devtools.add-properties' to 'false' to disable
2019-10-14 10:17:28 344 [restartedMain] org.springframework.boot.devtools.env.DevToolsPropertyDefaultsPostProcessor-logTo-225[INFO ] :For additional web related logging consider setting the 'logging.level.web' property to 'DEBUG'
2019-10-14 10:17:29 228 [restartedMain] org.springframework.data.repository.config.RepositoryConfigurationDelegate-registerRepositoriesIn-126[INFO ] :Bootstrapping Spring Data repositories in DEFAULT mode.
2019-10-14 10:17:29 330 [restartedMain] org.springframework.data.repository.config.RepositoryConfigurationDelegate-registerRepositoriesIn-182[INFO ] :Finished Spring Data repository scanning in 97ms. Found 10 repository interfaces.
2019-10-14 10:17:29 650 [restartedMain] org.springframework.context.support.PostProcessorRegistrationDelegate$BeanPostProcessorChecker-postProcessAfterInitialization-330[INFO ] :Bean 'org.springframework.transaction.annotation.ProxyTransactionManagementConfiguration' of type [org.springframework.transaction.annotation.ProxyTransactionManagementConfiguration$$EnhancerBySpringCGLIB$$cbc70328] is not eligible for getting processed by all BeanPostProcessors (for example: not eligible for auto-proxying)
2019-10-14 10:17:29 744 [restartedMain] org.springframework.context.support.PostProcessorRegistrationDelegate$BeanPostProcessorChecker-postProcessAfterInitialization-330[INFO ] :Bean 'shiroConfig' of type [co.goho.qingxu.easy.config.ShiroConfig$$EnhancerBySpringCGLIB$$7bc4f1bd] is not eligible for getting processed by all BeanPostProcessors (for example: not eligible for auto-proxying)
2019-10-14 10:17:29 903 [restartedMain] org.springframework.context.support.PostProcessorRegistrationDelegate$BeanPostProcessorChecker-postProcessAfterInitialization-330[INFO ] :Bean 'getEhCacheManager' of type [org.apache.shiro.cache.ehcache.EhCacheManager] is not eligible for getting processed by all BeanPostProcessors (for example: not eligible for auto-proxying)
2019-10-14 10:17:29 911 [restartedMain] org.apache.shiro.cache.ehcache.EhCacheManager-getCache-158[INFO ] :Cache with name 'co.goho.qingxu.easy.shiro.UserRealm.authorizationCache' does not yet exist.  Creating now.
2019-10-14 10:17:29 912 [restartedMain] org.apache.shiro.cache.ehcache.EhCacheManager-getCache-165[INFO ] :Added EhCache named [co.goho.qingxu.easy.shiro.UserRealm.authorizationCache]
2019-10-14 10:17:29 939 [restartedMain] org.springframework.context.support.PostProcessorRegistrationDelegate$BeanPostProcessorChecker-postProcessAfterInitialization-330[INFO ] :Bean '(inner bean)#641c3769' of type [org.springframework.beans.factory.config.PropertiesFactoryBean] is not eligible for getting processed by all BeanPostProcessors (for example: not eligible for auto-proxying)
2019-10-14 10:17:29 944 [restartedMain] org.springframework.context.support.PostProcessorRegistrationDelegate$BeanPostProcessorChecker-postProcessAfterInitialization-330[INFO ] :Bean '(inner bean)#641c3769' of type [java.util.Properties] is not eligible for getting processed by all BeanPostProcessors (for example: not eligible for auto-proxying)
2019-10-14 10:17:29 955 [restartedMain] org.springframework.context.support.PostProcessorRegistrationDelegate$BeanPostProcessorChecker-postProcessAfterInitialization-330[INFO ] :Bean '(inner bean)#13cd0afd' of type [org.springframework.data.repository.core.support.PropertiesBasedNamedQueries] is not eligible for getting processed by all BeanPostProcessors (for example: not eligible for auto-proxying)
2019-10-14 10:17:29 958 [restartedMain] org.springframework.context.support.PostProcessorRegistrationDelegate$BeanPostProcessorChecker-postProcessAfterInitialization-330[INFO ] :Bean '(inner bean)#41699683' of type [org.springframework.data.repository.core.support.RepositoryFragmentsFactoryBean] is not eligible for getting processed by all BeanPostProcessors (for example: not eligible for auto-proxying)
2019-10-14 10:17:29 960 [restartedMain] org.springframework.context.support.PostProcessorRegistrationDelegate$BeanPostProcessorChecker-postProcessAfterInitialization-330[INFO ] :Bean '(inner bean)#41699683' of type [org.springframework.data.repository.core.support.RepositoryComposition$RepositoryFragments] is not eligible for getting processed by all BeanPostProcessors (for example: not eligible for auto-proxying)
2019-10-14 10:17:29 970 [restartedMain] org.springframework.context.support.PostProcessorRegistrationDelegate$BeanPostProcessorChecker-postProcessAfterInitialization-330[INFO ] :Bean 'dataSourceConfig' of type [co.goho.qingxu.easy.config.datasource.DataSourceConfig$$EnhancerBySpringCGLIB$$76f5009a] is not eligible for getting processed by all BeanPostProcessors (for example: not eligible for auto-proxying)
2019-10-14 10:17:30 026 [restartedMain] org.springframework.context.support.PostProcessorRegistrationDelegate$BeanPostProcessorChecker-postProcessAfterInitialization-330[INFO ] :Bean 'spring.datasource-org.springframework.boot.autoconfigure.jdbc.DataSourceProperties' of type [org.springframework.boot.autoconfigure.jdbc.DataSourceProperties] is not eligible for getting processed by all BeanPostProcessors (for example: not eligible for auto-proxying)
2019-10-14 10:17:30 031 [restartedMain] org.springframework.context.support.PostProcessorRegistrationDelegate$BeanPostProcessorChecker-postProcessAfterInitialization-330[INFO ] :Bean 'com.alibaba.druid.spring.boot.autoconfigure.stat.DruidFilterConfiguration' of type [com.alibaba.druid.spring.boot.autoconfigure.stat.DruidFilterConfiguration] is not eligible for getting processed by all BeanPostProcessors (for example: not eligible for auto-proxying)
2019-10-14 10:17:30 051 [restartedMain] org.springframework.context.support.PostProcessorRegistrationDelegate$BeanPostProcessorChecker-postProcessAfterInitialization-330[INFO ] :Bean 'statFilter' of type [com.alibaba.druid.filter.stat.StatFilter] is not eligible for getting processed by all BeanPostProcessors (for example: not eligible for auto-proxying)
2019-10-14 10:17:30 112 [restartedMain] org.springframework.context.support.PostProcessorRegistrationDelegate$BeanPostProcessorChecker-postProcessAfterInitialization-330[INFO ] :Bean 'test' of type [com.alibaba.druid.spring.boot.autoconfigure.DruidDataSourceWrapper] is not eligible for getting processed by all BeanPostProcessors (for example: not eligible for auto-proxying)
2019-10-14 10:17:30 150 [restartedMain] org.springframework.context.support.PostProcessorRegistrationDelegate$BeanPostProcessorChecker-postProcessAfterInitialization-330[INFO ] :Bean 'test1' of type [com.alibaba.druid.spring.boot.autoconfigure.DruidDataSourceWrapper] is not eligible for getting processed by all BeanPostProcessors (for example: not eligible for auto-proxying)
2019-10-14 10:17:30 158 [restartedMain] org.springframework.context.support.PostProcessorRegistrationDelegate$BeanPostProcessorChecker-postProcessAfterInitialization-330[INFO ] :Bean 'dynamicDataSource' of type [co.goho.qingxu.easy.config.datasource.DynamicDataSource] is not eligible for getting processed by all BeanPostProcessors (for example: not eligible for auto-proxying)
2019-10-14 10:17:30 166 [restartedMain] org.springframework.context.support.PostProcessorRegistrationDelegate$BeanPostProcessorChecker-postProcessAfterInitialization-330[INFO ] :Bean 'spring.jpa-org.springframework.boot.autoconfigure.orm.jpa.JpaProperties' of type [org.springframework.boot.autoconfigure.orm.jpa.JpaProperties] is not eligible for getting processed by all BeanPostProcessors (for example: not eligible for auto-proxying)
2019-10-14 10:17:30 169 [restartedMain] org.springframework.context.support.PostProcessorRegistrationDelegate$BeanPostProcessorChecker-postProcessAfterInitialization-330[INFO ] :Bean 'spring.jpa.hibernate-org.springframework.boot.autoconfigure.orm.jpa.HibernateProperties' of type [org.springframework.boot.autoconfigure.orm.jpa.HibernateProperties] is not eligible for getting processed by all BeanPostProcessors (for example: not eligible for auto-proxying)
2019-10-14 10:17:30 173 [restartedMain] org.springframework.context.support.PostProcessorRegistrationDelegate$BeanPostProcessorChecker-postProcessAfterInitialization-330[INFO ] :Bean 'org.springframework.boot.autoconfigure.transaction.TransactionAutoConfiguration' of type [org.springframework.boot.autoconfigure.transaction.TransactionAutoConfiguration$$EnhancerBySpringCGLIB$$603afe32] is not eligible for getting processed by all BeanPostProcessors (for example: not eligible for auto-proxying)
2019-10-14 10:17:30 179 [restartedMain] org.springframework.context.support.PostProcessorRegistrationDelegate$BeanPostProcessorChecker-postProcessAfterInitialization-330[INFO ] :Bean 'spring.transaction-org.springframework.boot.autoconfigure.transaction.TransactionProperties' of type [org.springframework.boot.autoconfigure.transaction.TransactionProperties] is not eligible for getting processed by all BeanPostProcessors (for example: not eligible for auto-proxying)
2019-10-14 10:17:30 181 [restartedMain] org.springframework.context.support.PostProcessorRegistrationDelegate$BeanPostProcessorChecker-postProcessAfterInitialization-330[INFO ] :Bean 'platformTransactionManagerCustomizers' of type [org.springframework.boot.autoconfigure.transaction.TransactionManagerCustomizers] is not eligible for getting processed by all BeanPostProcessors (for example: not eligible for auto-proxying)
2019-10-14 10:17:30 189 [restartedMain] org.springframework.context.support.PostProcessorRegistrationDelegate$BeanPostProcessorChecker-postProcessAfterInitialization-330[INFO ] :Bean 'org.springframework.boot.autoconfigure.orm.jpa.HibernateJpaConfiguration' of type [org.springframework.boot.autoconfigure.orm.jpa.HibernateJpaConfiguration$$EnhancerBySpringCGLIB$$ea9dc597] is not eligible for getting processed by all BeanPostProcessors (for example: not eligible for auto-proxying)
2019-10-14 10:17:30 211 [restartedMain] UserController-determineCurrentLookupKey-30[INFO ] :当前数据源：{}null
2019-10-14 10:17:30 238 [restartedMain] com.alibaba.druid.pool.DruidDataSource-init-1003[INFO ] :{dataSource-1} inited
2019-10-14 10:17:30 501 [restartedMain] org.springframework.context.support.PostProcessorRegistrationDelegate$BeanPostProcessorChecker-postProcessAfterInitialization-330[INFO ] :Bean 'jpaVendorAdapter' of type [org.springframework.orm.jpa.vendor.HibernateJpaVendorAdapter] is not eligible for getting processed by all BeanPostProcessors (for example: not eligible for auto-proxying)
2019-10-14 10:17:30 510 [restartedMain] org.springframework.context.support.PostProcessorRegistrationDelegate$BeanPostProcessorChecker-postProcessAfterInitialization-330[INFO ] :Bean 'entityManagerFactoryBuilder' of type [org.springframework.boot.orm.jpa.EntityManagerFactoryBuilder] is not eligible for getting processed by all BeanPostProcessors (for example: not eligible for auto-proxying)
2019-10-14 10:17:30 627 [restartedMain] org.hibernate.Version-logVersion-46[INFO ] :HHH000412: Hibernate Core {5.3.11.Final}
2019-10-14 10:17:30 628 [restartedMain] org.hibernate.cfg.Environment-<clinit>-213[INFO ] :HHH000206: hibernate.properties not found
2019-10-14 10:17:30 756 [restartedMain] org.hibernate.annotations.common.Version-<clinit>-49[INFO ] :HCANN000001: Hibernate Commons Annotations {5.0.4.Final}
2019-10-14 10:17:30 910 [restartedMain] UserController-determineCurrentLookupKey-30[INFO ] :当前数据源：{}null
2019-10-14 10:17:30 918 [restartedMain] org.hibernate.dialect.Dialect-<init>-157[INFO ] :HHH000400: Using dialect: org.hibernate.dialect.MySQL5InnoDBDialect
2019-10-14 10:17:32 745 [restartedMain] UserController-determineCurrentLookupKey-30[INFO ] :当前数据源：{}null
2019-10-14 10:17:33 036 [restartedMain] org.springframework.orm.jpa.LocalContainerEntityManagerFactoryBean-buildNativeEntityManagerFactory-415[INFO ] :Initialized JPA EntityManagerFactory for persistence unit 'default'
2019-10-14 10:17:33 039 [restartedMain] org.springframework.context.support.PostProcessorRegistrationDelegate$BeanPostProcessorChecker-postProcessAfterInitialization-330[INFO ] :Bean 'entityManagerFactory' of type [org.springframework.orm.jpa.LocalContainerEntityManagerFactoryBean] is not eligible for getting processed by all BeanPostProcessors (for example: not eligible for auto-proxying)
2019-10-14 10:17:33 044 [restartedMain] org.springframework.context.support.PostProcessorRegistrationDelegate$BeanPostProcessorChecker-postProcessAfterInitialization-330[INFO ] :Bean 'entityManagerFactory' of type [com.sun.proxy.$Proxy124] is not eligible for getting processed by all BeanPostProcessors (for example: not eligible for auto-proxying)
2019-10-14 10:17:33 054 [restartedMain] org.springframework.context.support.PostProcessorRegistrationDelegate$BeanPostProcessorChecker-postProcessAfterInitialization-330[INFO ] :Bean '(inner bean)#7fa3ffb' of type [com.sun.proxy.$Proxy126] is not eligible for getting processed by all BeanPostProcessors (for example: not eligible for auto-proxying)
2019-10-14 10:17:33 068 [restartedMain] org.springframework.context.support.PostProcessorRegistrationDelegate$BeanPostProcessorChecker-postProcessAfterInitialization-330[INFO ] :Bean 'jpaMappingContext' of type [org.springframework.data.jpa.repository.config.JpaMetamodelMappingContextFactoryBean] is not eligible for getting processed by all BeanPostProcessors (for example: not eligible for auto-proxying)
2019-10-14 10:17:33 070 [restartedMain] org.springframework.context.support.PostProcessorRegistrationDelegate$BeanPostProcessorChecker-postProcessAfterInitialization-330[INFO ] :Bean 'jpaMappingContext' of type [org.springframework.data.jpa.mapping.JpaMetamodelMappingContext] is not eligible for getting processed by all BeanPostProcessors (for example: not eligible for auto-proxying)
2019-10-14 10:17:33 529 [restartedMain] org.springframework.context.support.PostProcessorRegistrationDelegate$BeanPostProcessorChecker-postProcessAfterInitialization-330[INFO ] :Bean 'sysUserRepository' of type [org.springframework.data.jpa.repository.support.JpaRepositoryFactoryBean] is not eligible for getting processed by all BeanPostProcessors (for example: not eligible for auto-proxying)
2019-10-14 10:17:33 534 [restartedMain] org.springframework.context.support.PostProcessorRegistrationDelegate$BeanPostProcessorChecker-postProcessAfterInitialization-330[INFO ] :Bean 'sysUserRepository' of type [com.sun.proxy.$Proxy129] is not eligible for getting processed by all BeanPostProcessors (for example: not eligible for auto-proxying)
2019-10-14 10:17:33 541 [restartedMain] org.springframework.context.support.PostProcessorRegistrationDelegate$BeanPostProcessorChecker-postProcessAfterInitialization-330[INFO ] :Bean 'sysUserServiceImpl' of type [co.goho.qingxu.easy.service.impl.SysUserServiceImpl] is not eligible for getting processed by all BeanPostProcessors (for example: not eligible for auto-proxying)
2019-10-14 10:17:33 546 [restartedMain] org.apache.shiro.cache.ehcache.EhCacheManager-getCache-169[INFO ] :Using existing EHCache named [loginRecordCache]
2019-10-14 10:17:33 546 [restartedMain] org.springframework.context.support.PostProcessorRegistrationDelegate$BeanPostProcessorChecker-postProcessAfterInitialization-330[INFO ] :Bean 'passwordService' of type [co.goho.qingxu.easy.shiro.service.PasswordService] is not eligible for getting processed by all BeanPostProcessors (for example: not eligible for auto-proxying)
2019-10-14 10:17:33 547 [restartedMain] org.springframework.context.support.PostProcessorRegistrationDelegate$BeanPostProcessorChecker-postProcessAfterInitialization-330[INFO ] :Bean 'loginService' of type [co.goho.qingxu.easy.shiro.service.LoginService] is not eligible for getting processed by all BeanPostProcessors (for example: not eligible for auto-proxying)
2019-10-14 10:17:33 548 [restartedMain] org.springframework.context.support.PostProcessorRegistrationDelegate$BeanPostProcessorChecker-postProcessAfterInitialization-330[INFO ] :Bean 'userRealm' of type [co.goho.qingxu.easy.shiro.UserRealm] is not eligible for getting processed by all BeanPostProcessors (for example: not eligible for auto-proxying)
2019-10-14 10:17:33 556 [restartedMain] org.springframework.context.support.PostProcessorRegistrationDelegate$BeanPostProcessorChecker-postProcessAfterInitialization-330[INFO ] :Bean 'threadPoolConfig' of type [co.goho.qingxu.easy.config.ThreadPoolConfig$$EnhancerBySpringCGLIB$$4660a698] is not eligible for getting processed by all BeanPostProcessors (for example: not eligible for auto-proxying)
2019-10-14 10:17:33 561 [restartedMain] org.springframework.context.support.PostProcessorRegistrationDelegate$BeanPostProcessorChecker-postProcessAfterInitialization-330[INFO ] :Bean 'scheduledExecutorService' of type [co.goho.qingxu.easy.config.ThreadPoolConfig$1] is not eligible for getting processed by all BeanPostProcessors (for example: not eligible for auto-proxying)
2019-10-14 10:17:33 591 [restartedMain] org.springframework.context.support.PostProcessorRegistrationDelegate$BeanPostProcessorChecker-postProcessAfterInitialization-330[INFO ] :Bean '(inner bean)#23b3d522' of type [org.springframework.beans.factory.config.PropertiesFactoryBean] is not eligible for getting processed by all BeanPostProcessors (for example: not eligible for auto-proxying)
2019-10-14 10:17:33 593 [restartedMain] org.springframework.context.support.PostProcessorRegistrationDelegate$BeanPostProcessorChecker-postProcessAfterInitialization-330[INFO ] :Bean '(inner bean)#23b3d522' of type [java.util.Properties] is not eligible for getting processed by all BeanPostProcessors (for example: not eligible for auto-proxying)
2019-10-14 10:17:33 595 [restartedMain] org.springframework.context.support.PostProcessorRegistrationDelegate$BeanPostProcessorChecker-postProcessAfterInitialization-330[INFO ] :Bean '(inner bean)#32545d8e' of type [org.springframework.data.repository.core.support.PropertiesBasedNamedQueries] is not eligible for getting processed by all BeanPostProcessors (for example: not eligible for auto-proxying)
2019-10-14 10:17:33 596 [restartedMain] org.springframework.context.support.PostProcessorRegistrationDelegate$BeanPostProcessorChecker-postProcessAfterInitialization-330[INFO ] :Bean '(inner bean)#6364100f' of type [org.springframework.data.repository.core.support.RepositoryFragmentsFactoryBean] is not eligible for getting processed by all BeanPostProcessors (for example: not eligible for auto-proxying)
2019-10-14 10:17:33 597 [restartedMain] org.springframework.context.support.PostProcessorRegistrationDelegate$BeanPostProcessorChecker-postProcessAfterInitialization-330[INFO ] :Bean '(inner bean)#6364100f' of type [org.springframework.data.repository.core.support.RepositoryComposition$RepositoryFragments] is not eligible for getting processed by all BeanPostProcessors (for example: not eligible for auto-proxying)
2019-10-14 10:17:33 600 [restartedMain] org.springframework.context.support.PostProcessorRegistrationDelegate$BeanPostProcessorChecker-postProcessAfterInitialization-330[INFO ] :Bean '(inner bean)#7dde64b6' of type [com.sun.proxy.$Proxy126] is not eligible for getting processed by all BeanPostProcessors (for example: not eligible for auto-proxying)
2019-10-14 10:17:33 621 [restartedMain] org.springframework.context.support.PostProcessorRegistrationDelegate$BeanPostProcessorChecker-postProcessAfterInitialization-330[INFO ] :Bean 'sysUserOnlineRepository' of type [org.springframework.data.jpa.repository.support.JpaRepositoryFactoryBean] is not eligible for getting processed by all BeanPostProcessors (for example: not eligible for auto-proxying)
2019-10-14 10:17:33 621 [restartedMain] org.springframework.context.support.PostProcessorRegistrationDelegate$BeanPostProcessorChecker-postProcessAfterInitialization-330[INFO ] :Bean 'sysUserOnlineRepository' of type [com.sun.proxy.$Proxy132] is not eligible for getting processed by all BeanPostProcessors (for example: not eligible for auto-proxying)
2019-10-14 10:17:33 624 [restartedMain] org.springframework.context.support.PostProcessorRegistrationDelegate$BeanPostProcessorChecker-postProcessAfterInitialization-330[INFO ] :Bean 'sysUserOnlineServiceImpl' of type [co.goho.qingxu.easy.service.impl.SysUserOnlineServiceImpl] is not eligible for getting processed by all BeanPostProcessors (for example: not eligible for auto-proxying)
2019-10-14 10:17:33 625 [restartedMain] org.springframework.context.support.PostProcessorRegistrationDelegate$BeanPostProcessorChecker-postProcessAfterInitialization-330[INFO ] :Bean 'sysShiroService' of type [co.goho.qingxu.easy.shiro.service.SysShiroService] is not eligible for getting processed by all BeanPostProcessors (for example: not eligible for auto-proxying)
2019-10-14 10:17:33 625 [restartedMain] org.springframework.context.support.PostProcessorRegistrationDelegate$BeanPostProcessorChecker-postProcessAfterInitialization-330[INFO ] :Bean 'sessionDAO' of type [co.goho.qingxu.easy.shiro.session.OnlineSessionDAO] is not eligible for getting processed by all BeanPostProcessors (for example: not eligible for auto-proxying)
2019-10-14 10:17:33 629 [restartedMain] org.springframework.context.support.PostProcessorRegistrationDelegate$BeanPostProcessorChecker-postProcessAfterInitialization-330[INFO ] :Bean 'sessionFactory' of type [co.goho.qingxu.easy.shiro.session.OnlineSessionFactory] is not eligible for getting processed by all BeanPostProcessors (for example: not eligible for auto-proxying)
2019-10-14 10:17:33 632 [restartedMain] org.springframework.context.support.PostProcessorRegistrationDelegate$BeanPostProcessorChecker-postProcessAfterInitialization-330[INFO ] :Bean 'sessionManager' of type [co.goho.qingxu.easy.session.OnlineWebSessionManager] is not eligible for getting processed by all BeanPostProcessors (for example: not eligible for auto-proxying)
2019-10-14 10:17:33 638 [restartedMain] org.springframework.context.support.PostProcessorRegistrationDelegate$BeanPostProcessorChecker-postProcessAfterInitialization-330[INFO ] :Bean 'springSessionValidationScheduler' of type [co.goho.qingxu.easy.session.SpringSessionValidationScheduler] is not eligible for getting processed by all BeanPostProcessors (for example: not eligible for auto-proxying)
2019-10-14 10:17:33 656 [restartedMain] org.springframework.context.support.PostProcessorRegistrationDelegate$BeanPostProcessorChecker-postProcessAfterInitialization-330[INFO ] :Bean 'securityManager' of type [org.apache.shiro.web.mgt.DefaultWebSecurityManager] is not eligible for getting processed by all BeanPostProcessors (for example: not eligible for auto-proxying)
2019-10-14 10:17:33 671 [restartedMain] org.springframework.context.support.PostProcessorRegistrationDelegate$BeanPostProcessorChecker-postProcessAfterInitialization-330[INFO ] :Bean 'authorizationAttributeSourceAdvisor' of type [org.apache.shiro.spring.security.interceptor.AuthorizationAttributeSourceAdvisor] is not eligible for getting processed by all BeanPostProcessors (for example: not eligible for auto-proxying)
2019-10-14 10:17:33 679 [restartedMain] org.springframework.context.support.PostProcessorRegistrationDelegate$BeanPostProcessorChecker-postProcessAfterInitialization-330[INFO ] :Bean 'onlineSessionFilter' of type [co.goho.qingxu.easy.filter.online.OnlineSessionFilter] is not eligible for getting processed by all BeanPostProcessors (for example: not eligible for auto-proxying)
2019-10-14 10:17:33 690 [restartedMain] org.springframework.context.support.PostProcessorRegistrationDelegate$BeanPostProcessorChecker-postProcessAfterInitialization-330[INFO ] :Bean 'syncOnlineSessionFilter' of type [co.goho.qingxu.easy.filter.sync.SyncOnlineSessionFilter] is not eligible for getting processed by all BeanPostProcessors (for example: not eligible for auto-proxying)
2019-10-14 10:17:33 697 [restartedMain] org.springframework.context.support.PostProcessorRegistrationDelegate$BeanPostProcessorChecker-postProcessAfterInitialization-330[INFO ] :Bean 'captchaValidateFilter' of type [co.goho.qingxu.easy.filter.captcha.CaptchaValidateFilter] is not eligible for getting processed by all BeanPostProcessors (for example: not eligible for auto-proxying)
2019-10-14 10:17:33 703 [restartedMain] org.apache.shiro.cache.ehcache.EhCacheManager-getCache-169[INFO ] :Using existing EHCache named [sys-userCache]
2019-10-14 10:17:33 705 [restartedMain] org.apache.shiro.cache.ehcache.EhCacheManager-getCache-169[INFO ] :Using existing EHCache named [sys-userCache]
2019-10-14 10:17:34 159 [restartedMain] org.springframework.boot.web.embedded.tomcat.TomcatWebServer-initialize-90[INFO ] :Tomcat initialized with port(s): 8001 (http)
2019-10-14 10:17:34 180 [restartedMain] org.apache.coyote.http11.Http11NioProtocol-log-173[INFO ] :Initializing ProtocolHandler ["http-nio-8001"]
2019-10-14 10:17:34 192 [restartedMain] org.apache.catalina.core.StandardService-log-173[INFO ] :Starting service [Tomcat]
2019-10-14 10:17:34 193 [restartedMain] org.apache.catalina.core.StandardEngine-log-173[INFO ] :Starting Servlet engine: [Apache Tomcat/9.0.24]
2019-10-14 10:17:34 302 [restartedMain] org.apache.catalina.core.ContainerBase.[Tomcat].[localhost].[/]-log-173[INFO ] :Initializing Spring embedded WebApplicationContext
2019-10-14 10:17:34 302 [restartedMain] org.springframework.web.context.ContextLoader-prepareWebApplicationContext-284[INFO ] :Root WebApplicationContext: initialization completed in 5957 ms
2019-10-14 10:17:34 445 [restartedMain] org.springframework.boot.web.servlet.RegistrationBean-register-110[INFO ] :Servlet statViewServlet was not registered (possibly already registered?)
2019-10-14 10:17:34 450 [restartedMain] org.springframework.boot.web.servlet.RegistrationBean-register-110[INFO ] :Filter webStatFilter was not registered (possibly already registered?)
2019-10-14 10:17:35 516 [restartedMain] springfox.documentation.spring.web.PropertySourcedRequestMappingHandlerMapping-initHandlerMethods-69[INFO ] :Mapped URL path [/v2/api-docs] onto method [public org.springframework.http.ResponseEntity<springfox.documentation.spring.web.json.Json> springfox.documentation.swagger2.web.Swagger2Controller.getDocumentation(java.lang.String,javax.servlet.http.HttpServletRequest)]
2019-10-14 10:17:35 548 [restartedMain] org.springframework.scheduling.concurrent.ThreadPoolTaskExecutor-initialize-171[INFO ] :Initializing ExecutorService 'threadPoolTaskExecutor'
2019-10-14 10:17:35 842 [restartedMain] org.springframework.boot.devtools.autoconfigure.OptionalLiveReloadServer-startServer-57[INFO ] :LiveReload server is running on port 35729
2019-10-14 10:17:35 881 [restartedMain] org.springframework.boot.autoconfigure.web.servlet.WelcomePageHandlerMapping-<init>-58[INFO ] :Adding welcome page template: index
2019-10-14 10:17:36 246 [restartedMain] springfox.documentation.spring.web.plugins.DocumentationPluginsBootstrapper-start-160[INFO ] :Context refreshed
2019-10-14 10:17:36 264 [restartedMain] springfox.documentation.spring.web.plugins.DocumentationPluginsBootstrapper-start-163[INFO ] :Found 1 custom documentation plugin(s)
2019-10-14 10:17:36 295 [restartedMain] springfox.documentation.spring.web.scanners.ApiListingReferenceScanner-scan-41[INFO ] :Scanning for api listing references
2019-10-14 10:17:36 315 [restartedMain] org.apache.coyote.http11.Http11NioProtocol-log-173[INFO ] :Starting ProtocolHandler ["http-nio-8001"]
2019-10-14 10:17:36 352 [restartedMain] org.springframework.boot.web.embedded.tomcat.TomcatWebServer-start-202[INFO ] :Tomcat started on port(s): 8001 (http) with context path ''
2019-10-14 10:17:36 355 [restartedMain] co.goho.qingxu.easy.ShiroEasyApplication-logStarted-59[INFO ] :Started ShiroEasyApplication in 8.514 seconds (JVM running for 9.352)
2019-10-14 10:17:42 112 [http-nio-8001-exec-1] org.apache.catalina.core.ContainerBase.[Tomcat].[localhost].[/]-log-173[INFO ] :Initializing Spring DispatcherServlet 'dispatcherServlet'
2019-10-14 10:17:42 113 [http-nio-8001-exec-1] org.springframework.web.servlet.DispatcherServlet-initServletBean-524[INFO ] :Initializing Servlet 'dispatcherServlet'
2019-10-14 10:17:42 124 [http-nio-8001-exec-1] org.springframework.web.servlet.DispatcherServlet-initServletBean-546[INFO ] :Completed initialization in 11 ms
2019-10-14 10:17:42 140 [http-nio-8001-exec-1] org.apache.shiro.session.mgt.AbstractValidatingSessionManager-enableSessionValidation-233[INFO ] :Enabling session validation scheduler...
2019-10-14 10:17:42 143 [http-nio-8001-exec-1] org.apache.shiro.cache.ehcache.EhCacheManager-getCache-158[INFO ] :Cache with name 'shiro-activeSessionCache' does not yet exist.  Creating now.
2019-10-14 10:17:42 144 [http-nio-8001-exec-1] org.apache.shiro.cache.ehcache.EhCacheManager-getCache-165[INFO ] :Added EhCache named [shiro-activeSessionCache]
2019-10-14 10:17:42 158 [http-nio-8001-exec-1] UserController-determineCurrentLookupKey-30[INFO ] :当前数据源：{}null
2019-10-14 10:17:43 144 [schedule-pool-1] co.goho.qingxu.easy.session.OnlineWebSessionManager-validateSessions-89[INFO ] :invalidation sessions...
2019-10-14 10:17:43 165 [schedule-pool-1] org.hibernate.hql.internal.QueryTranslatorFactoryInitiator-initiateService-47[INFO ] :HHH000397: Using ASTQueryTranslatorFactory
2019-10-14 10:17:43 251 [schedule-pool-1] UserController-determineCurrentLookupKey-30[INFO ] :当前数据源：{}null
2019-10-14 10:17:43 290 [schedule-pool-1] co.goho.qingxu.easy.session.OnlineWebSessionManager-validateSessions-133[INFO ] :Finished invalidation session. No sessions were stopped.
2019-10-14 10:27:43 144 [schedule-pool-2] co.goho.qingxu.easy.session.OnlineWebSessionManager-validateSessions-89[INFO ] :invalidation sessions...
2019-10-14 10:27:43 149 [schedule-pool-2] UserController-determineCurrentLookupKey-30[INFO ] :当前数据源：{}null
2019-10-14 10:27:43 191 [schedule-pool-2] co.goho.qingxu.easy.session.OnlineWebSessionManager-validateSessions-133[INFO ] :Finished invalidation session. No sessions were stopped.
2019-10-14 10:37:43 150 [schedule-pool-1] co.goho.qingxu.easy.session.OnlineWebSessionManager-validateSessions-89[INFO ] :invalidation sessions...
2019-10-14 10:37:43 164 [schedule-pool-1] UserController-determineCurrentLookupKey-30[INFO ] :当前数据源：{}null
2019-10-14 10:37:43 180 [schedule-pool-1] co.goho.qingxu.easy.session.OnlineWebSessionManager-validateSessions-133[INFO ] :Finished invalidation session. No sessions were stopped.
2019-10-14 10:47:43 177 [schedule-pool-2] co.goho.qingxu.easy.session.OnlineWebSessionManager-validateSessions-89[INFO ] :invalidation sessions...
2019-10-14 10:47:43 183 [schedule-pool-2] UserController-determineCurrentLookupKey-30[INFO ] :当前数据源：{}null
2019-10-14 10:47:43 193 [schedule-pool-2] co.goho.qingxu.easy.session.OnlineWebSessionManager-validateSessions-133[INFO ] :Finished invalidation session. No sessions were stopped.
2019-10-14 10:57:43 181 [schedule-pool-3] co.goho.qingxu.easy.session.OnlineWebSessionManager-validateSessions-89[INFO ] :invalidation sessions...
2019-10-14 10:57:43 194 [schedule-pool-3] UserController-determineCurrentLookupKey-30[INFO ] :当前数据源：{}null
2019-10-14 10:57:43 209 [schedule-pool-3] co.goho.qingxu.easy.session.OnlineWebSessionManager-validateSessions-133[INFO ] :Finished invalidation session. No sessions were stopped.
2019-10-14 11:05:31 368 [http-nio-8001-exec-28] UserController-determineCurrentLookupKey-30[INFO ] :当前数据源：{}null
2019-10-14 11:05:31 404 [http-nio-8001-exec-28] org.apache.catalina.core.ContainerBase.[Tomcat].[localhost].[/].[dispatcherServlet]-log-175[ERROR] :Servlet.service() for servlet [dispatcherServlet] in context with path [] threw exception [Filtered request failed.] with root cause
org.springframework.dao.EmptyResultDataAccessException: No class co.goho.qingxu.easy.bean.SysUserOnline entity with id eee97e2d-33f0-4998-91ad-abf7365021dd exists!
	at org.springframework.data.jpa.repository.support.SimpleJpaRepository.lambda$deleteById$0(SimpleJpaRepository.java:174) ~[spring-data-jpa-2.1.10.RELEASE.jar:2.1.10.RELEASE]
	at java.util.Optional.orElseThrow(Optional.java:290) ~[?:1.8.0_201]
	at org.springframework.data.jpa.repository.support.SimpleJpaRepository.deleteById(SimpleJpaRepository.java:173) ~[spring-data-jpa-2.1.10.RELEASE.jar:2.1.10.RELEASE]
	at sun.reflect.NativeMethodAccessorImpl.invoke0(Native Method) ~[?:1.8.0_201]
	at sun.reflect.NativeMethodAccessorImpl.invoke(NativeMethodAccessorImpl.java:62) ~[?:1.8.0_201]
	at sun.reflect.DelegatingMethodAccessorImpl.invoke(DelegatingMethodAccessorImpl.java:43) ~[?:1.8.0_201]
	at java.lang.reflect.Method.invoke(Method.java:498) ~[?:1.8.0_201]
	at org.springframework.data.repository.core.support.RepositoryComposition$RepositoryFragments.invoke(RepositoryComposition.java:359) ~[spring-data-commons-2.1.10.RELEASE.jar:2.1.10.RELEASE]
	at org.springframework.data.repository.core.support.RepositoryComposition.invoke(RepositoryComposition.java:200) ~[spring-data-commons-2.1.10.RELEASE.jar:2.1.10.RELEASE]
	at org.springframework.data.repository.core.support.RepositoryFactorySupport$ImplementationMethodExecutionInterceptor.invoke(RepositoryFactorySupport.java:644) ~[spring-data-commons-2.1.10.RELEASE.jar:2.1.10.RELEASE]
	at org.springframework.aop.framework.ReflectiveMethodInvocation.proceed(ReflectiveMethodInvocation.java:186) ~[spring-aop-5.1.9.RELEASE.jar:5.1.9.RELEASE]
	at org.springframework.data.repository.core.support.RepositoryFactorySupport$QueryExecutorMethodInterceptor.doInvoke(RepositoryFactorySupport.java:608) ~[spring-data-commons-2.1.10.RELEASE.jar:2.1.10.RELEASE]
	at org.springframework.data.repository.core.support.RepositoryFactorySupport$QueryExecutorMethodInterceptor.lambda$invoke$3(RepositoryFactorySupport.java:595) ~[spring-data-commons-2.1.10.RELEASE.jar:2.1.10.RELEASE]
	at org.springframework.data.repository.core.support.RepositoryFactorySupport$QueryExecutorMethodInterceptor.invoke(RepositoryFactorySupport.java:595) ~[spring-data-commons-2.1.10.RELEASE.jar:2.1.10.RELEASE]
	at org.springframework.aop.framework.ReflectiveMethodInvocation.proceed(ReflectiveMethodInvocation.java:186) ~[spring-aop-5.1.9.RELEASE.jar:5.1.9.RELEASE]
	at org.springframework.data.projection.DefaultMethodInvokingMethodInterceptor.invoke(DefaultMethodInvokingMethodInterceptor.java:59) ~[spring-data-commons-2.1.10.RELEASE.jar:2.1.10.RELEASE]
	at org.springframework.aop.framework.ReflectiveMethodInvocation.proceed(ReflectiveMethodInvocation.java:186) ~[spring-aop-5.1.9.RELEASE.jar:5.1.9.RELEASE]
	at org.springframework.transaction.interceptor.TransactionAspectSupport.invokeWithinTransaction(TransactionAspectSupport.java:295) ~[spring-tx-5.1.9.RELEASE.jar:5.1.9.RELEASE]
	at org.springframework.transaction.interceptor.TransactionInterceptor.invoke(TransactionInterceptor.java:98) ~[spring-tx-5.1.9.RELEASE.jar:5.1.9.RELEASE]
	at org.springframework.aop.framework.ReflectiveMethodInvocation.proceed(ReflectiveMethodInvocation.java:186) ~[spring-aop-5.1.9.RELEASE.jar:5.1.9.RELEASE]
	at org.springframework.dao.support.PersistenceExceptionTranslationInterceptor.invoke(PersistenceExceptionTranslationInterceptor.java:139) ~[spring-tx-5.1.9.RELEASE.jar:5.1.9.RELEASE]
	at org.springframework.aop.framework.ReflectiveMethodInvocation.proceed(ReflectiveMethodInvocation.java:186) ~[spring-aop-5.1.9.RELEASE.jar:5.1.9.RELEASE]
	at org.springframework.data.jpa.repository.support.CrudMethodMetadataPostProcessor$CrudMethodMetadataPopulatingMethodInterceptor.invoke(CrudMethodMetadataPostProcessor.java:144) ~[spring-data-jpa-2.1.10.RELEASE.jar:2.1.10.RELEASE]
	at org.springframework.aop.framework.ReflectiveMethodInvocation.proceed(ReflectiveMethodInvocation.java:186) ~[spring-aop-5.1.9.RELEASE.jar:5.1.9.RELEASE]
	at org.springframework.data.jpa.repository.support.CrudMethodMetadataPostProcessor$ExposeRepositoryInvocationInterceptor.invoke(CrudMethodMetadataPostProcessor.java:364) ~[spring-data-jpa-2.1.10.RELEASE.jar:2.1.10.RELEASE]
	at org.springframework.aop.framework.ReflectiveMethodInvocation.proceed(ReflectiveMethodInvocation.java:186) ~[spring-aop-5.1.9.RELEASE.jar:5.1.9.RELEASE]
	at org.springframework.aop.interceptor.ExposeInvocationInterceptor.invoke(ExposeInvocationInterceptor.java:93) ~[spring-aop-5.1.9.RELEASE.jar:5.1.9.RELEASE]
	at org.springframework.aop.framework.ReflectiveMethodInvocation.proceed(ReflectiveMethodInvocation.java:186) ~[spring-aop-5.1.9.RELEASE.jar:5.1.9.RELEASE]
	at org.springframework.data.repository.core.support.SurroundingTransactionDetectorMethodInterceptor.invoke(SurroundingTransactionDetectorMethodInterceptor.java:61) ~[spring-data-commons-2.1.10.RELEASE.jar:2.1.10.RELEASE]
	at org.springframework.aop.framework.ReflectiveMethodInvocation.proceed(ReflectiveMethodInvocation.java:186) ~[spring-aop-5.1.9.RELEASE.jar:5.1.9.RELEASE]
	at org.springframework.aop.framework.JdkDynamicAopProxy.invoke(JdkDynamicAopProxy.java:212) ~[spring-aop-5.1.9.RELEASE.jar:5.1.9.RELEASE]
	at com.sun.proxy.$Proxy132.deleteById(Unknown Source) ~[?:?]
	at co.goho.qingxu.easy.service.impl.SysUserOnlineServiceImpl.deleteById(SysUserOnlineServiceImpl.java:32) ~[classes/:?]
	at co.goho.qingxu.easy.shiro.service.SysShiroService.deleteSession(SysShiroService.java:30) ~[classes/:?]
	at co.goho.qingxu.easy.shiro.session.OnlineSessionDAO.doDelete(OnlineSessionDAO.java:100) ~[classes/:?]
	at org.apache.shiro.session.mgt.eis.CachingSessionDAO.delete(CachingSessionDAO.java:304) ~[shiro-core-1.4.1.jar:1.4.1]
	at org.apache.shiro.session.mgt.DefaultSessionManager.delete(DefaultSessionManager.java:240) ~[shiro-core-1.4.1.jar:1.4.1]
	at org.apache.shiro.session.mgt.DefaultSessionManager.afterExpired(DefaultSessionManager.java:207) ~[shiro-core-1.4.1.jar:1.4.1]
	at org.apache.shiro.session.mgt.AbstractValidatingSessionManager.onExpiration(AbstractValidatingSessionManager.java:159) ~[shiro-core-1.4.1.jar:1.4.1]
	at org.apache.shiro.web.session.mgt.DefaultWebSessionManager.onExpiration(DefaultWebSessionManager.java:284) ~[shiro-web-1.4.1.jar:1.4.1]
	at org.apache.shiro.session.mgt.AbstractValidatingSessionManager.validate(AbstractValidatingSessionManager.java:145) ~[shiro-core-1.4.1.jar:1.4.1]
	at org.apache.shiro.session.mgt.AbstractValidatingSessionManager.doGetSession(AbstractValidatingSessionManager.java:120) ~[shiro-core-1.4.1.jar:1.4.1]
	at org.apache.shiro.session.mgt.AbstractNativeSessionManager.lookupSession(AbstractNativeSessionManager.java:148) ~[shiro-core-1.4.1.jar:1.4.1]
	at org.apache.shiro.session.mgt.AbstractNativeSessionManager.getSession(AbstractNativeSessionManager.java:140) ~[shiro-core-1.4.1.jar:1.4.1]
	at org.apache.shiro.mgt.SessionsSecurityManager.getSession(SessionsSecurityManager.java:156) ~[shiro-core-1.4.1.jar:1.4.1]
	at org.apache.shiro.mgt.DefaultSecurityManager.resolveContextSession(DefaultSecurityManager.java:461) ~[shiro-core-1.4.1.jar:1.4.1]
	at org.apache.shiro.mgt.DefaultSecurityManager.resolveSession(DefaultSecurityManager.java:447) ~[shiro-core-1.4.1.jar:1.4.1]
	at org.apache.shiro.mgt.DefaultSecurityManager.createSubject(DefaultSecurityManager.java:343) ~[shiro-core-1.4.1.jar:1.4.1]
	at org.apache.shiro.subject.Subject$Builder.buildSubject(Subject.java:845) ~[shiro-core-1.4.1.jar:1.4.1]
	at org.apache.shiro.web.subject.WebSubject$Builder.buildWebSubject(WebSubject.java:148) ~[shiro-web-1.4.1.jar:1.4.1]
	at org.apache.shiro.web.servlet.AbstractShiroFilter.createSubject(AbstractShiroFilter.java:292) ~[shiro-web-1.4.1.jar:1.4.1]
	at org.apache.shiro.web.servlet.AbstractShiroFilter.doFilterInternal(AbstractShiroFilter.java:359) ~[shiro-web-1.4.1.jar:1.4.1]
	at org.apache.shiro.web.servlet.OncePerRequestFilter.doFilter(OncePerRequestFilter.java:125) ~[shiro-web-1.4.1.jar:1.4.1]
	at org.apache.catalina.core.ApplicationFilterChain.internalDoFilter(ApplicationFilterChain.java:193) ~[tomcat-embed-core-9.0.24.jar:9.0.24]
	at org.apache.catalina.core.ApplicationFilterChain.doFilter(ApplicationFilterChain.java:166) ~[tomcat-embed-core-9.0.24.jar:9.0.24]
	at com.alibaba.druid.support.http.WebStatFilter.doFilter(WebStatFilter.java:124) ~[druid-1.1.20.jar:1.1.20]
	at org.apache.catalina.core.ApplicationFilterChain.internalDoFilter(ApplicationFilterChain.java:193) ~[tomcat-embed-core-9.0.24.jar:9.0.24]
	at org.apache.catalina.core.ApplicationFilterChain.doFilter(ApplicationFilterChain.java:166) ~[tomcat-embed-core-9.0.24.jar:9.0.24]
	at org.springframework.web.filter.RequestContextFilter.doFilterInternal(RequestContextFilter.java:99) ~[spring-web-5.1.9.RELEASE.jar:5.1.9.RELEASE]
	at org.springframework.web.filter.OncePerRequestFilter.doFilter(OncePerRequestFilter.java:118) ~[spring-web-5.1.9.RELEASE.jar:5.1.9.RELEASE]
	at org.apache.catalina.core.ApplicationFilterChain.internalDoFilter(ApplicationFilterChain.java:193) ~[tomcat-embed-core-9.0.24.jar:9.0.24]
	at org.apache.catalina.core.ApplicationFilterChain.doFilter(ApplicationFilterChain.java:166) ~[tomcat-embed-core-9.0.24.jar:9.0.24]
	at org.springframework.web.filter.FormContentFilter.doFilterInternal(FormContentFilter.java:92) ~[spring-web-5.1.9.RELEASE.jar:5.1.9.RELEASE]
	at org.springframework.web.filter.OncePerRequestFilter.doFilter(OncePerRequestFilter.java:118) ~[spring-web-5.1.9.RELEASE.jar:5.1.9.RELEASE]
	at org.apache.catalina.core.ApplicationFilterChain.internalDoFilter(ApplicationFilterChain.java:193) ~[tomcat-embed-core-9.0.24.jar:9.0.24]
	at org.apache.catalina.core.ApplicationFilterChain.doFilter(ApplicationFilterChain.java:166) ~[tomcat-embed-core-9.0.24.jar:9.0.24]
	at org.springframework.web.filter.HiddenHttpMethodFilter.doFilterInternal(HiddenHttpMethodFilter.java:93) ~[spring-web-5.1.9.RELEASE.jar:5.1.9.RELEASE]
	at org.springframework.web.filter.OncePerRequestFilter.doFilter(OncePerRequestFilter.java:118) ~[spring-web-5.1.9.RELEASE.jar:5.1.9.RELEASE]
	at org.apache.catalina.core.ApplicationFilterChain.internalDoFilter(ApplicationFilterChain.java:193) ~[tomcat-embed-core-9.0.24.jar:9.0.24]
	at org.apache.catalina.core.ApplicationFilterChain.doFilter(ApplicationFilterChain.java:166) ~[tomcat-embed-core-9.0.24.jar:9.0.24]
	at org.springframework.web.filter.CharacterEncodingFilter.doFilterInternal(CharacterEncodingFilter.java:200) ~[spring-web-5.1.9.RELEASE.jar:5.1.9.RELEASE]
	at org.springframework.web.filter.OncePerRequestFilter.doFilter(OncePerRequestFilter.java:118) ~[spring-web-5.1.9.RELEASE.jar:5.1.9.RELEASE]
	at org.apache.catalina.core.ApplicationFilterChain.internalDoFilter(ApplicationFilterChain.java:193) ~[tomcat-embed-core-9.0.24.jar:9.0.24]
	at org.apache.catalina.core.ApplicationFilterChain.doFilter(ApplicationFilterChain.java:166) ~[tomcat-embed-core-9.0.24.jar:9.0.24]
	at org.apache.catalina.core.StandardWrapperValve.invoke(StandardWrapperValve.java:202) [tomcat-embed-core-9.0.24.jar:9.0.24]
	at org.apache.catalina.core.StandardContextValve.invoke(StandardContextValve.java:96) [tomcat-embed-core-9.0.24.jar:9.0.24]
	at org.apache.catalina.authenticator.AuthenticatorBase.invoke(AuthenticatorBase.java:526) [tomcat-embed-core-9.0.24.jar:9.0.24]
	at org.apache.catalina.core.StandardHostValve.invoke(StandardHostValve.java:139) [tomcat-embed-core-9.0.24.jar:9.0.24]
	at org.apache.catalina.valves.ErrorReportValve.invoke(ErrorReportValve.java:92) [tomcat-embed-core-9.0.24.jar:9.0.24]
	at org.apache.catalina.core.StandardEngineValve.invoke(StandardEngineValve.java:74) [tomcat-embed-core-9.0.24.jar:9.0.24]
	at org.apache.catalina.connector.CoyoteAdapter.service(CoyoteAdapter.java:343) [tomcat-embed-core-9.0.24.jar:9.0.24]
	at org.apache.coyote.http11.Http11Processor.service(Http11Processor.java:408) [tomcat-embed-core-9.0.24.jar:9.0.24]
	at org.apache.coyote.AbstractProcessorLight.process(AbstractProcessorLight.java:66) [tomcat-embed-core-9.0.24.jar:9.0.24]
	at org.apache.coyote.AbstractProtocol$ConnectionHandler.process(AbstractProtocol.java:860) [tomcat-embed-core-9.0.24.jar:9.0.24]
	at org.apache.tomcat.util.net.NioEndpoint$SocketProcessor.doRun(NioEndpoint.java:1587) [tomcat-embed-core-9.0.24.jar:9.0.24]
	at org.apache.tomcat.util.net.SocketProcessorBase.run(SocketProcessorBase.java:49) [tomcat-embed-core-9.0.24.jar:9.0.24]
	at java.util.concurrent.ThreadPoolExecutor.runWorker(ThreadPoolExecutor.java:1149) [?:1.8.0_201]
	at java.util.concurrent.ThreadPoolExecutor$Worker.run(ThreadPoolExecutor.java:624) [?:1.8.0_201]
	at org.apache.tomcat.util.threads.TaskThread$WrappingRunnable.run(TaskThread.java:61) [tomcat-embed-core-9.0.24.jar:9.0.24]
	at java.lang.Thread.run(Thread.java:748) [?:1.8.0_201]
2019-10-14 11:05:31 479 [http-nio-8001-exec-29] UserController-determineCurrentLookupKey-30[INFO ] :当前数据源：{}null
2019-10-14 11:05:31 479 [http-nio-8001-exec-30] UserController-determineCurrentLookupKey-30[INFO ] :当前数据源：{}null
2019-10-14 11:05:31 482 [http-nio-8001-exec-1] UserController-determineCurrentLookupKey-30[INFO ] :当前数据源：{}null
2019-10-14 11:07:43 211 [schedule-pool-1] co.goho.qingxu.easy.session.OnlineWebSessionManager-validateSessions-89[INFO ] :invalidation sessions...
2019-10-14 11:07:43 217 [schedule-pool-1] UserController-determineCurrentLookupKey-30[INFO ] :当前数据源：{}null
2019-10-14 11:07:43 227 [schedule-pool-1] co.goho.qingxu.easy.session.OnlineWebSessionManager-validateSessions-133[INFO ] :Finished invalidation session. No sessions were stopped.
2019-10-14 11:17:08 049 [Thread-27] org.springframework.scheduling.concurrent.ThreadPoolTaskExecutor-shutdown-208[INFO ] :Shutting down ExecutorService 'threadPoolTaskExecutor'
2019-10-14 11:17:08 058 [Thread-27] sys-user-shutdownSpringSessionValidationScheduler-40[INFO ] :====关闭会话验证任务====
2019-10-14 11:17:08 061 [Thread-27] sys-user-shutdownAsyncManager-57[INFO ] :====关闭后台任务任务线程池====
2019-10-14 11:17:08 068 [Thread-27] org.springframework.orm.jpa.LocalContainerEntityManagerFactoryBean-destroy-597[INFO ] :Closing JPA EntityManagerFactory for persistence unit 'default'
2019-10-14 11:17:08 075 [Thread-27] com.alibaba.druid.pool.DruidDataSource-close-1965[INFO ] :{dataSource-0} closing ...
2019-10-14 11:17:08 075 [Thread-27] com.alibaba.druid.pool.DruidDataSource-close-1965[INFO ] :{dataSource-1} closing ...
2019-10-14 11:17:08 083 [Thread-27] com.alibaba.druid.pool.DruidDataSource-close-2037[INFO ] :{dataSource-1} closed
2019-10-14 11:17:15 063 [restartedMain] co.goho.qingxu.easy.ShiroEasyApplication-logStarting-50[INFO ] :Starting ShiroEasyApplication on qhdeMacBook-Pro.local with PID 2334 (/Users/qh/Documents/ideaWorkspace/spring-boot/shiro-easy/target/classes started by qh in /Users/qh/Documents/ideaWorkspace/spring-boot)
2019-10-14 11:17:15 065 [restartedMain] co.goho.qingxu.easy.ShiroEasyApplication-logStartupProfileInfo-652[INFO ] :The following profiles are active: druid
2019-10-14 11:17:15 103 [restartedMain] org.springframework.boot.devtools.env.DevToolsPropertyDefaultsPostProcessor-logTo-225[INFO ] :Devtools property defaults active! Set 'spring.devtools.add-properties' to 'false' to disable
2019-10-14 11:17:15 104 [restartedMain] org.springframework.boot.devtools.env.DevToolsPropertyDefaultsPostProcessor-logTo-225[INFO ] :For additional web related logging consider setting the 'logging.level.web' property to 'DEBUG'
2019-10-14 11:17:15 951 [restartedMain] org.springframework.data.repository.config.RepositoryConfigurationDelegate-registerRepositoriesIn-126[INFO ] :Bootstrapping Spring Data repositories in DEFAULT mode.
2019-10-14 11:17:16 053 [restartedMain] org.springframework.data.repository.config.RepositoryConfigurationDelegate-registerRepositoriesIn-182[INFO ] :Finished Spring Data repository scanning in 96ms. Found 10 repository interfaces.
2019-10-14 11:17:16 349 [restartedMain] org.springframework.context.support.PostProcessorRegistrationDelegate$BeanPostProcessorChecker-postProcessAfterInitialization-330[INFO ] :Bean 'org.springframework.transaction.annotation.ProxyTransactionManagementConfiguration' of type [org.springframework.transaction.annotation.ProxyTransactionManagementConfiguration$$EnhancerBySpringCGLIB$$3657db16] is not eligible for getting processed by all BeanPostProcessors (for example: not eligible for auto-proxying)
2019-10-14 11:17:16 447 [restartedMain] org.springframework.context.support.PostProcessorRegistrationDelegate$BeanPostProcessorChecker-postProcessAfterInitialization-330[INFO ] :Bean 'shiroConfig' of type [co.goho.qingxu.easy.config.ShiroConfig$$EnhancerBySpringCGLIB$$e655c9ab] is not eligible for getting processed by all BeanPostProcessors (for example: not eligible for auto-proxying)
2019-10-14 11:17:16 586 [restartedMain] org.springframework.context.support.PostProcessorRegistrationDelegate$BeanPostProcessorChecker-postProcessAfterInitialization-330[INFO ] :Bean 'getEhCacheManager' of type [org.apache.shiro.cache.ehcache.EhCacheManager] is not eligible for getting processed by all BeanPostProcessors (for example: not eligible for auto-proxying)
2019-10-14 11:17:16 593 [restartedMain] org.apache.shiro.cache.ehcache.EhCacheManager-getCache-158[INFO ] :Cache with name 'co.goho.qingxu.easy.shiro.UserRealm.authorizationCache' does not yet exist.  Creating now.
2019-10-14 11:17:16 595 [restartedMain] org.apache.shiro.cache.ehcache.EhCacheManager-getCache-165[INFO ] :Added EhCache named [co.goho.qingxu.easy.shiro.UserRealm.authorizationCache]
2019-10-14 11:17:16 623 [restartedMain] org.springframework.context.support.PostProcessorRegistrationDelegate$BeanPostProcessorChecker-postProcessAfterInitialization-330[INFO ] :Bean '(inner bean)#64c63076' of type [org.springframework.beans.factory.config.PropertiesFactoryBean] is not eligible for getting processed by all BeanPostProcessors (for example: not eligible for auto-proxying)
2019-10-14 11:17:16 628 [restartedMain] org.springframework.context.support.PostProcessorRegistrationDelegate$BeanPostProcessorChecker-postProcessAfterInitialization-330[INFO ] :Bean '(inner bean)#64c63076' of type [java.util.Properties] is not eligible for getting processed by all BeanPostProcessors (for example: not eligible for auto-proxying)
2019-10-14 11:17:16 639 [restartedMain] org.springframework.context.support.PostProcessorRegistrationDelegate$BeanPostProcessorChecker-postProcessAfterInitialization-330[INFO ] :Bean '(inner bean)#295afeaa' of type [org.springframework.data.repository.core.support.PropertiesBasedNamedQueries] is not eligible for getting processed by all BeanPostProcessors (for example: not eligible for auto-proxying)
2019-10-14 11:17:16 642 [restartedMain] org.springframework.context.support.PostProcessorRegistrationDelegate$BeanPostProcessorChecker-postProcessAfterInitialization-330[INFO ] :Bean '(inner bean)#67b1c24a' of type [org.springframework.data.repository.core.support.RepositoryFragmentsFactoryBean] is not eligible for getting processed by all BeanPostProcessors (for example: not eligible for auto-proxying)
2019-10-14 11:17:16 645 [restartedMain] org.springframework.context.support.PostProcessorRegistrationDelegate$BeanPostProcessorChecker-postProcessAfterInitialization-330[INFO ] :Bean '(inner bean)#67b1c24a' of type [org.springframework.data.repository.core.support.RepositoryComposition$RepositoryFragments] is not eligible for getting processed by all BeanPostProcessors (for example: not eligible for auto-proxying)
2019-10-14 11:17:16 655 [restartedMain] org.springframework.context.support.PostProcessorRegistrationDelegate$BeanPostProcessorChecker-postProcessAfterInitialization-330[INFO ] :Bean 'dataSourceConfig' of type [co.goho.qingxu.easy.config.datasource.DataSourceConfig$$EnhancerBySpringCGLIB$$e185d888] is not eligible for getting processed by all BeanPostProcessors (for example: not eligible for auto-proxying)
2019-10-14 11:17:16 713 [restartedMain] org.springframework.context.support.PostProcessorRegistrationDelegate$BeanPostProcessorChecker-postProcessAfterInitialization-330[INFO ] :Bean 'spring.datasource-org.springframework.boot.autoconfigure.jdbc.DataSourceProperties' of type [org.springframework.boot.autoconfigure.jdbc.DataSourceProperties] is not eligible for getting processed by all BeanPostProcessors (for example: not eligible for auto-proxying)
2019-10-14 11:17:16 718 [restartedMain] org.springframework.context.support.PostProcessorRegistrationDelegate$BeanPostProcessorChecker-postProcessAfterInitialization-330[INFO ] :Bean 'com.alibaba.druid.spring.boot.autoconfigure.stat.DruidFilterConfiguration' of type [com.alibaba.druid.spring.boot.autoconfigure.stat.DruidFilterConfiguration] is not eligible for getting processed by all BeanPostProcessors (for example: not eligible for auto-proxying)
2019-10-14 11:17:16 738 [restartedMain] org.springframework.context.support.PostProcessorRegistrationDelegate$BeanPostProcessorChecker-postProcessAfterInitialization-330[INFO ] :Bean 'statFilter' of type [com.alibaba.druid.filter.stat.StatFilter] is not eligible for getting processed by all BeanPostProcessors (for example: not eligible for auto-proxying)
2019-10-14 11:17:16 800 [restartedMain] org.springframework.context.support.PostProcessorRegistrationDelegate$BeanPostProcessorChecker-postProcessAfterInitialization-330[INFO ] :Bean 'test' of type [com.alibaba.druid.spring.boot.autoconfigure.DruidDataSourceWrapper] is not eligible for getting processed by all BeanPostProcessors (for example: not eligible for auto-proxying)
2019-10-14 11:17:16 839 [restartedMain] org.springframework.context.support.PostProcessorRegistrationDelegate$BeanPostProcessorChecker-postProcessAfterInitialization-330[INFO ] :Bean 'test1' of type [com.alibaba.druid.spring.boot.autoconfigure.DruidDataSourceWrapper] is not eligible for getting processed by all BeanPostProcessors (for example: not eligible for auto-proxying)
2019-10-14 11:17:16 847 [restartedMain] org.springframework.context.support.PostProcessorRegistrationDelegate$BeanPostProcessorChecker-postProcessAfterInitialization-330[INFO ] :Bean 'dynamicDataSource' of type [co.goho.qingxu.easy.config.datasource.DynamicDataSource] is not eligible for getting processed by all BeanPostProcessors (for example: not eligible for auto-proxying)
2019-10-14 11:17:16 856 [restartedMain] org.springframework.context.support.PostProcessorRegistrationDelegate$BeanPostProcessorChecker-postProcessAfterInitialization-330[INFO ] :Bean 'spring.jpa-org.springframework.boot.autoconfigure.orm.jpa.JpaProperties' of type [org.springframework.boot.autoconfigure.orm.jpa.JpaProperties] is not eligible for getting processed by all BeanPostProcessors (for example: not eligible for auto-proxying)
2019-10-14 11:17:16 860 [restartedMain] org.springframework.context.support.PostProcessorRegistrationDelegate$BeanPostProcessorChecker-postProcessAfterInitialization-330[INFO ] :Bean 'spring.jpa.hibernate-org.springframework.boot.autoconfigure.orm.jpa.HibernateProperties' of type [org.springframework.boot.autoconfigure.orm.jpa.HibernateProperties] is not eligible for getting processed by all BeanPostProcessors (for example: not eligible for auto-proxying)
2019-10-14 11:17:16 864 [restartedMain] org.springframework.context.support.PostProcessorRegistrationDelegate$BeanPostProcessorChecker-postProcessAfterInitialization-330[INFO ] :Bean 'org.springframework.boot.autoconfigure.transaction.TransactionAutoConfiguration' of type [org.springframework.boot.autoconfigure.transaction.TransactionAutoConfiguration$$EnhancerBySpringCGLIB$$cacbd620] is not eligible for getting processed by all BeanPostProcessors (for example: not eligible for auto-proxying)
2019-10-14 11:17:16 870 [restartedMain] org.springframework.context.support.PostProcessorRegistrationDelegate$BeanPostProcessorChecker-postProcessAfterInitialization-330[INFO ] :Bean 'spring.transaction-org.springframework.boot.autoconfigure.transaction.TransactionProperties' of type [org.springframework.boot.autoconfigure.transaction.TransactionProperties] is not eligible for getting processed by all BeanPostProcessors (for example: not eligible for auto-proxying)
2019-10-14 11:17:16 872 [restartedMain] org.springframework.context.support.PostProcessorRegistrationDelegate$BeanPostProcessorChecker-postProcessAfterInitialization-330[INFO ] :Bean 'platformTransactionManagerCustomizers' of type [org.springframework.boot.autoconfigure.transaction.TransactionManagerCustomizers] is not eligible for getting processed by all BeanPostProcessors (for example: not eligible for auto-proxying)
2019-10-14 11:17:16 880 [restartedMain] org.springframework.context.support.PostProcessorRegistrationDelegate$BeanPostProcessorChecker-postProcessAfterInitialization-330[INFO ] :Bean 'org.springframework.boot.autoconfigure.orm.jpa.HibernateJpaConfiguration' of type [org.springframework.boot.autoconfigure.orm.jpa.HibernateJpaConfiguration$$EnhancerBySpringCGLIB$$552e9d85] is not eligible for getting processed by all BeanPostProcessors (for example: not eligible for auto-proxying)
2019-10-14 11:17:16 902 [restartedMain] UserController-determineCurrentLookupKey-30[INFO ] :当前数据源：{}null
2019-10-14 11:17:16 932 [restartedMain] com.alibaba.druid.pool.DruidDataSource-init-1003[INFO ] :{dataSource-1} inited
2019-10-14 11:17:17 189 [restartedMain] org.springframework.context.support.PostProcessorRegistrationDelegate$BeanPostProcessorChecker-postProcessAfterInitialization-330[INFO ] :Bean 'jpaVendorAdapter' of type [org.springframework.orm.jpa.vendor.HibernateJpaVendorAdapter] is not eligible for getting processed by all BeanPostProcessors (for example: not eligible for auto-proxying)
2019-10-14 11:17:17 194 [restartedMain] org.springframework.context.support.PostProcessorRegistrationDelegate$BeanPostProcessorChecker-postProcessAfterInitialization-330[INFO ] :Bean 'entityManagerFactoryBuilder' of type [org.springframework.boot.orm.jpa.EntityManagerFactoryBuilder] is not eligible for getting processed by all BeanPostProcessors (for example: not eligible for auto-proxying)
2019-10-14 11:17:17 300 [restartedMain] org.hibernate.Version-logVersion-46[INFO ] :HHH000412: Hibernate Core {5.3.11.Final}
2019-10-14 11:17:17 302 [restartedMain] org.hibernate.cfg.Environment-<clinit>-213[INFO ] :HHH000206: hibernate.properties not found
2019-10-14 11:17:17 427 [restartedMain] org.hibernate.annotations.common.Version-<clinit>-49[INFO ] :HCANN000001: Hibernate Commons Annotations {5.0.4.Final}
2019-10-14 11:17:17 622 [restartedMain] UserController-determineCurrentLookupKey-30[INFO ] :当前数据源：{}null
2019-10-14 11:17:17 630 [restartedMain] org.hibernate.dialect.Dialect-<init>-157[INFO ] :HHH000400: Using dialect: org.hibernate.dialect.MySQL5InnoDBDialect
2019-10-14 11:17:19 518 [restartedMain] UserController-determineCurrentLookupKey-30[INFO ] :当前数据源：{}null
2019-10-14 11:17:19 801 [restartedMain] org.springframework.orm.jpa.LocalContainerEntityManagerFactoryBean-buildNativeEntityManagerFactory-415[INFO ] :Initialized JPA EntityManagerFactory for persistence unit 'default'
2019-10-14 11:17:19 803 [restartedMain] org.springframework.context.support.PostProcessorRegistrationDelegate$BeanPostProcessorChecker-postProcessAfterInitialization-330[INFO ] :Bean 'entityManagerFactory' of type [org.springframework.orm.jpa.LocalContainerEntityManagerFactoryBean] is not eligible for getting processed by all BeanPostProcessors (for example: not eligible for auto-proxying)
2019-10-14 11:17:19 807 [restartedMain] org.springframework.context.support.PostProcessorRegistrationDelegate$BeanPostProcessorChecker-postProcessAfterInitialization-330[INFO ] :Bean 'entityManagerFactory' of type [com.sun.proxy.$Proxy124] is not eligible for getting processed by all BeanPostProcessors (for example: not eligible for auto-proxying)
2019-10-14 11:17:19 817 [restartedMain] org.springframework.context.support.PostProcessorRegistrationDelegate$BeanPostProcessorChecker-postProcessAfterInitialization-330[INFO ] :Bean '(inner bean)#1d91fb62' of type [com.sun.proxy.$Proxy126] is not eligible for getting processed by all BeanPostProcessors (for example: not eligible for auto-proxying)
2019-10-14 11:17:19 833 [restartedMain] org.springframework.context.support.PostProcessorRegistrationDelegate$BeanPostProcessorChecker-postProcessAfterInitialization-330[INFO ] :Bean 'jpaMappingContext' of type [org.springframework.data.jpa.repository.config.JpaMetamodelMappingContextFactoryBean] is not eligible for getting processed by all BeanPostProcessors (for example: not eligible for auto-proxying)
2019-10-14 11:17:19 835 [restartedMain] org.springframework.context.support.PostProcessorRegistrationDelegate$BeanPostProcessorChecker-postProcessAfterInitialization-330[INFO ] :Bean 'jpaMappingContext' of type [org.springframework.data.jpa.mapping.JpaMetamodelMappingContext] is not eligible for getting processed by all BeanPostProcessors (for example: not eligible for auto-proxying)
2019-10-14 11:17:20 272 [restartedMain] org.springframework.context.support.PostProcessorRegistrationDelegate$BeanPostProcessorChecker-postProcessAfterInitialization-330[INFO ] :Bean 'sysUserRepository' of type [org.springframework.data.jpa.repository.support.JpaRepositoryFactoryBean] is not eligible for getting processed by all BeanPostProcessors (for example: not eligible for auto-proxying)
2019-10-14 11:17:20 277 [restartedMain] org.springframework.context.support.PostProcessorRegistrationDelegate$BeanPostProcessorChecker-postProcessAfterInitialization-330[INFO ] :Bean 'sysUserRepository' of type [com.sun.proxy.$Proxy129] is not eligible for getting processed by all BeanPostProcessors (for example: not eligible for auto-proxying)
2019-10-14 11:17:20 284 [restartedMain] org.springframework.context.support.PostProcessorRegistrationDelegate$BeanPostProcessorChecker-postProcessAfterInitialization-330[INFO ] :Bean 'sysUserServiceImpl' of type [co.goho.qingxu.easy.service.impl.SysUserServiceImpl] is not eligible for getting processed by all BeanPostProcessors (for example: not eligible for auto-proxying)
2019-10-14 11:17:20 288 [restartedMain] org.apache.shiro.cache.ehcache.EhCacheManager-getCache-169[INFO ] :Using existing EHCache named [loginRecordCache]
2019-10-14 11:17:20 289 [restartedMain] org.springframework.context.support.PostProcessorRegistrationDelegate$BeanPostProcessorChecker-postProcessAfterInitialization-330[INFO ] :Bean 'passwordService' of type [co.goho.qingxu.easy.shiro.service.PasswordService] is not eligible for getting processed by all BeanPostProcessors (for example: not eligible for auto-proxying)
2019-10-14 11:17:20 289 [restartedMain] org.springframework.context.support.PostProcessorRegistrationDelegate$BeanPostProcessorChecker-postProcessAfterInitialization-330[INFO ] :Bean 'loginService' of type [co.goho.qingxu.easy.shiro.service.LoginService] is not eligible for getting processed by all BeanPostProcessors (for example: not eligible for auto-proxying)
2019-10-14 11:17:20 290 [restartedMain] org.springframework.context.support.PostProcessorRegistrationDelegate$BeanPostProcessorChecker-postProcessAfterInitialization-330[INFO ] :Bean 'userRealm' of type [co.goho.qingxu.easy.shiro.UserRealm] is not eligible for getting processed by all BeanPostProcessors (for example: not eligible for auto-proxying)
2019-10-14 11:17:20 297 [restartedMain] org.springframework.context.support.PostProcessorRegistrationDelegate$BeanPostProcessorChecker-postProcessAfterInitialization-330[INFO ] :Bean 'threadPoolConfig' of type [co.goho.qingxu.easy.config.ThreadPoolConfig$$EnhancerBySpringCGLIB$$b0f17e86] is not eligible for getting processed by all BeanPostProcessors (for example: not eligible for auto-proxying)
2019-10-14 11:17:20 302 [restartedMain] org.springframework.context.support.PostProcessorRegistrationDelegate$BeanPostProcessorChecker-postProcessAfterInitialization-330[INFO ] :Bean 'scheduledExecutorService' of type [co.goho.qingxu.easy.config.ThreadPoolConfig$1] is not eligible for getting processed by all BeanPostProcessors (for example: not eligible for auto-proxying)
2019-10-14 11:17:20 321 [restartedMain] org.springframework.context.support.PostProcessorRegistrationDelegate$BeanPostProcessorChecker-postProcessAfterInitialization-330[INFO ] :Bean '(inner bean)#55460bb1' of type [org.springframework.beans.factory.config.PropertiesFactoryBean] is not eligible for getting processed by all BeanPostProcessors (for example: not eligible for auto-proxying)
2019-10-14 11:17:20 322 [restartedMain] org.springframework.context.support.PostProcessorRegistrationDelegate$BeanPostProcessorChecker-postProcessAfterInitialization-330[INFO ] :Bean '(inner bean)#55460bb1' of type [java.util.Properties] is not eligible for getting processed by all BeanPostProcessors (for example: not eligible for auto-proxying)
2019-10-14 11:17:20 323 [restartedMain] org.springframework.context.support.PostProcessorRegistrationDelegate$BeanPostProcessorChecker-postProcessAfterInitialization-330[INFO ] :Bean '(inner bean)#26a49679' of type [org.springframework.data.repository.core.support.PropertiesBasedNamedQueries] is not eligible for getting processed by all BeanPostProcessors (for example: not eligible for auto-proxying)
2019-10-14 11:17:20 323 [restartedMain] org.springframework.context.support.PostProcessorRegistrationDelegate$BeanPostProcessorChecker-postProcessAfterInitialization-330[INFO ] :Bean '(inner bean)#1204899b' of type [org.springframework.data.repository.core.support.RepositoryFragmentsFactoryBean] is not eligible for getting processed by all BeanPostProcessors (for example: not eligible for auto-proxying)
2019-10-14 11:17:20 324 [restartedMain] org.springframework.context.support.PostProcessorRegistrationDelegate$BeanPostProcessorChecker-postProcessAfterInitialization-330[INFO ] :Bean '(inner bean)#1204899b' of type [org.springframework.data.repository.core.support.RepositoryComposition$RepositoryFragments] is not eligible for getting processed by all BeanPostProcessors (for example: not eligible for auto-proxying)
2019-10-14 11:17:20 326 [restartedMain] org.springframework.context.support.PostProcessorRegistrationDelegate$BeanPostProcessorChecker-postProcessAfterInitialization-330[INFO ] :Bean '(inner bean)#3288b0ad' of type [com.sun.proxy.$Proxy126] is not eligible for getting processed by all BeanPostProcessors (for example: not eligible for auto-proxying)
2019-10-14 11:17:20 346 [restartedMain] org.springframework.context.support.PostProcessorRegistrationDelegate$BeanPostProcessorChecker-postProcessAfterInitialization-330[INFO ] :Bean 'sysUserOnlineRepository' of type [org.springframework.data.jpa.repository.support.JpaRepositoryFactoryBean] is not eligible for getting processed by all BeanPostProcessors (for example: not eligible for auto-proxying)
2019-10-14 11:17:20 347 [restartedMain] org.springframework.context.support.PostProcessorRegistrationDelegate$BeanPostProcessorChecker-postProcessAfterInitialization-330[INFO ] :Bean 'sysUserOnlineRepository' of type [com.sun.proxy.$Proxy132] is not eligible for getting processed by all BeanPostProcessors (for example: not eligible for auto-proxying)
2019-10-14 11:17:20 349 [restartedMain] org.springframework.context.support.PostProcessorRegistrationDelegate$BeanPostProcessorChecker-postProcessAfterInitialization-330[INFO ] :Bean 'sysUserOnlineServiceImpl' of type [co.goho.qingxu.easy.service.impl.SysUserOnlineServiceImpl] is not eligible for getting processed by all BeanPostProcessors (for example: not eligible for auto-proxying)
2019-10-14 11:17:20 350 [restartedMain] org.springframework.context.support.PostProcessorRegistrationDelegate$BeanPostProcessorChecker-postProcessAfterInitialization-330[INFO ] :Bean 'sysShiroService' of type [co.goho.qingxu.easy.shiro.service.SysShiroService] is not eligible for getting processed by all BeanPostProcessors (for example: not eligible for auto-proxying)
2019-10-14 11:17:20 351 [restartedMain] org.springframework.context.support.PostProcessorRegistrationDelegate$BeanPostProcessorChecker-postProcessAfterInitialization-330[INFO ] :Bean 'sessionDAO' of type [co.goho.qingxu.easy.shiro.session.OnlineSessionDAO] is not eligible for getting processed by all BeanPostProcessors (for example: not eligible for auto-proxying)
2019-10-14 11:17:20 354 [restartedMain] org.springframework.context.support.PostProcessorRegistrationDelegate$BeanPostProcessorChecker-postProcessAfterInitialization-330[INFO ] :Bean 'sessionFactory' of type [co.goho.qingxu.easy.shiro.session.OnlineSessionFactory] is not eligible for getting processed by all BeanPostProcessors (for example: not eligible for auto-proxying)
2019-10-14 11:17:20 357 [restartedMain] org.springframework.context.support.PostProcessorRegistrationDelegate$BeanPostProcessorChecker-postProcessAfterInitialization-330[INFO ] :Bean 'sessionManager' of type [co.goho.qingxu.easy.session.OnlineWebSessionManager] is not eligible for getting processed by all BeanPostProcessors (for example: not eligible for auto-proxying)
2019-10-14 11:17:20 362 [restartedMain] org.springframework.context.support.PostProcessorRegistrationDelegate$BeanPostProcessorChecker-postProcessAfterInitialization-330[INFO ] :Bean 'springSessionValidationScheduler' of type [co.goho.qingxu.easy.session.SpringSessionValidationScheduler] is not eligible for getting processed by all BeanPostProcessors (for example: not eligible for auto-proxying)
2019-10-14 11:17:20 379 [restartedMain] org.springframework.context.support.PostProcessorRegistrationDelegate$BeanPostProcessorChecker-postProcessAfterInitialization-330[INFO ] :Bean 'securityManager' of type [org.apache.shiro.web.mgt.DefaultWebSecurityManager] is not eligible for getting processed by all BeanPostProcessors (for example: not eligible for auto-proxying)
2019-10-14 11:17:20 391 [restartedMain] org.springframework.context.support.PostProcessorRegistrationDelegate$BeanPostProcessorChecker-postProcessAfterInitialization-330[INFO ] :Bean 'authorizationAttributeSourceAdvisor' of type [org.apache.shiro.spring.security.interceptor.AuthorizationAttributeSourceAdvisor] is not eligible for getting processed by all BeanPostProcessors (for example: not eligible for auto-proxying)
2019-10-14 11:17:20 398 [restartedMain] org.springframework.context.support.PostProcessorRegistrationDelegate$BeanPostProcessorChecker-postProcessAfterInitialization-330[INFO ] :Bean 'onlineSessionFilter' of type [co.goho.qingxu.easy.filter.online.OnlineSessionFilter] is not eligible for getting processed by all BeanPostProcessors (for example: not eligible for auto-proxying)
2019-10-14 11:17:20 405 [restartedMain] org.springframework.context.support.PostProcessorRegistrationDelegate$BeanPostProcessorChecker-postProcessAfterInitialization-330[INFO ] :Bean 'syncOnlineSessionFilter' of type [co.goho.qingxu.easy.filter.sync.SyncOnlineSessionFilter] is not eligible for getting processed by all BeanPostProcessors (for example: not eligible for auto-proxying)
2019-10-14 11:17:20 408 [restartedMain] org.springframework.context.support.PostProcessorRegistrationDelegate$BeanPostProcessorChecker-postProcessAfterInitialization-330[INFO ] :Bean 'captchaValidateFilter' of type [co.goho.qingxu.easy.filter.captcha.CaptchaValidateFilter] is not eligible for getting processed by all BeanPostProcessors (for example: not eligible for auto-proxying)
2019-10-14 11:17:20 412 [restartedMain] org.apache.shiro.cache.ehcache.EhCacheManager-getCache-169[INFO ] :Using existing EHCache named [sys-userCache]
2019-10-14 11:17:20 413 [restartedMain] org.apache.shiro.cache.ehcache.EhCacheManager-getCache-169[INFO ] :Using existing EHCache named [sys-userCache]
2019-10-14 11:17:20 702 [restartedMain] org.springframework.boot.web.embedded.tomcat.TomcatWebServer-initialize-90[INFO ] :Tomcat initialized with port(s): 8001 (http)
2019-10-14 11:17:20 715 [restartedMain] org.apache.coyote.http11.Http11NioProtocol-log-173[INFO ] :Initializing ProtocolHandler ["http-nio-8001"]
2019-10-14 11:17:20 723 [restartedMain] org.apache.catalina.core.StandardService-log-173[INFO ] :Starting service [Tomcat]
2019-10-14 11:17:20 724 [restartedMain] org.apache.catalina.core.StandardEngine-log-173[INFO ] :Starting Servlet engine: [Apache Tomcat/9.0.24]
2019-10-14 11:17:20 802 [restartedMain] org.apache.catalina.core.ContainerBase.[Tomcat].[localhost].[/]-log-173[INFO ] :Initializing Spring embedded WebApplicationContext
2019-10-14 11:17:20 802 [restartedMain] org.springframework.web.context.ContextLoader-prepareWebApplicationContext-284[INFO ] :Root WebApplicationContext: initialization completed in 5697 ms
2019-10-14 11:17:20 893 [restartedMain] org.springframework.boot.web.servlet.RegistrationBean-register-110[INFO ] :Servlet statViewServlet was not registered (possibly already registered?)
2019-10-14 11:17:20 895 [restartedMain] org.springframework.boot.web.servlet.RegistrationBean-register-110[INFO ] :Filter webStatFilter was not registered (possibly already registered?)
2019-10-14 11:17:21 894 [restartedMain] springfox.documentation.spring.web.PropertySourcedRequestMappingHandlerMapping-initHandlerMethods-69[INFO ] :Mapped URL path [/v2/api-docs] onto method [public org.springframework.http.ResponseEntity<springfox.documentation.spring.web.json.Json> springfox.documentation.swagger2.web.Swagger2Controller.getDocumentation(java.lang.String,javax.servlet.http.HttpServletRequest)]
2019-10-14 11:17:21 933 [restartedMain] org.springframework.scheduling.concurrent.ThreadPoolTaskExecutor-initialize-171[INFO ] :Initializing ExecutorService 'threadPoolTaskExecutor'
2019-10-14 11:17:22 261 [restartedMain] org.springframework.boot.devtools.autoconfigure.OptionalLiveReloadServer-startServer-57[INFO ] :LiveReload server is running on port 35729
2019-10-14 11:17:22 297 [restartedMain] org.springframework.boot.autoconfigure.web.servlet.WelcomePageHandlerMapping-<init>-58[INFO ] :Adding welcome page template: index
2019-10-14 11:17:22 619 [restartedMain] springfox.documentation.spring.web.plugins.DocumentationPluginsBootstrapper-start-160[INFO ] :Context refreshed
2019-10-14 11:17:22 636 [restartedMain] springfox.documentation.spring.web.plugins.DocumentationPluginsBootstrapper-start-163[INFO ] :Found 1 custom documentation plugin(s)
2019-10-14 11:17:22 661 [restartedMain] springfox.documentation.spring.web.scanners.ApiListingReferenceScanner-scan-41[INFO ] :Scanning for api listing references
2019-10-14 11:17:22 678 [restartedMain] org.apache.coyote.http11.Http11NioProtocol-log-173[INFO ] :Starting ProtocolHandler ["http-nio-8001"]
2019-10-14 11:17:22 713 [restartedMain] org.springframework.boot.web.embedded.tomcat.TomcatWebServer-start-202[INFO ] :Tomcat started on port(s): 8001 (http) with context path ''
2019-10-14 11:17:22 717 [restartedMain] co.goho.qingxu.easy.ShiroEasyApplication-logStarted-59[INFO ] :Started ShiroEasyApplication in 8.088 seconds (JVM running for 8.974)
2019-10-14 11:17:30 327 [http-nio-8001-exec-1] org.apache.catalina.core.ContainerBase.[Tomcat].[localhost].[/]-log-173[INFO ] :Initializing Spring DispatcherServlet 'dispatcherServlet'
2019-10-14 11:17:30 328 [http-nio-8001-exec-1] org.springframework.web.servlet.DispatcherServlet-initServletBean-524[INFO ] :Initializing Servlet 'dispatcherServlet'
2019-10-14 11:17:30 340 [http-nio-8001-exec-1] org.springframework.web.servlet.DispatcherServlet-initServletBean-546[INFO ] :Completed initialization in 12 ms
2019-10-14 11:17:30 358 [http-nio-8001-exec-1] org.apache.shiro.session.mgt.AbstractValidatingSessionManager-enableSessionValidation-233[INFO ] :Enabling session validation scheduler...
2019-10-14 11:17:30 361 [http-nio-8001-exec-1] org.apache.shiro.cache.ehcache.EhCacheManager-getCache-158[INFO ] :Cache with name 'shiro-activeSessionCache' does not yet exist.  Creating now.
2019-10-14 11:17:30 365 [http-nio-8001-exec-1] org.apache.shiro.cache.ehcache.EhCacheManager-getCache-165[INFO ] :Added EhCache named [shiro-activeSessionCache]
2019-10-14 11:17:30 391 [http-nio-8001-exec-1] UserController-determineCurrentLookupKey-30[INFO ] :当前数据源：{}null
2019-10-14 11:17:31 362 [schedule-pool-1] co.goho.qingxu.easy.session.OnlineWebSessionManager-validateSessions-89[INFO ] :invalidation sessions...
2019-10-14 11:17:31 379 [schedule-pool-1] org.hibernate.hql.internal.QueryTranslatorFactoryInitiator-initiateService-47[INFO ] :HHH000397: Using ASTQueryTranslatorFactory
2019-10-14 11:17:31 474 [schedule-pool-1] UserController-determineCurrentLookupKey-30[INFO ] :当前数据源：{}null
2019-10-14 11:17:31 483 [schedule-pool-1] co.goho.qingxu.easy.session.OnlineWebSessionManager-validateSessions-133[INFO ] :Finished invalidation session. No sessions were stopped.
2019-10-14 11:17:57 831 [http-nio-8001-exec-16] UserController-determineCurrentLookupKey-30[INFO ] :当前数据源：{}null
2019-10-14 11:17:57 901 [schedule-pool-2] sys-user-run-100[INFO ] :[127.0.0.1]内网IP[admin][Error][用户不存在/密码错误]
2019-10-14 11:17:57 905 [schedule-pool-2] co.goho.qingxu.easy.conmmon.utils.Threads-printException-93[ERROR] :No SecurityManager accessible to the calling code, either bound to the org.apache.shiro.util.ThreadContext or as a vm static singleton.  This is an invalid application configuration.
org.apache.shiro.UnavailableSecurityManagerException: No SecurityManager accessible to the calling code, either bound to the org.apache.shiro.util.ThreadContext or as a vm static singleton.  This is an invalid application configuration.
	at org.apache.shiro.SecurityUtils.getSecurityManager(SecurityUtils.java:123) ~[shiro-core-1.4.1.jar:1.4.1]
	at org.apache.shiro.subject.Subject$Builder.<init>(Subject.java:626) ~[shiro-core-1.4.1.jar:1.4.1]
	at org.apache.shiro.SecurityUtils.getSubject(SecurityUtils.java:56) ~[shiro-core-1.4.1.jar:1.4.1]
	at co.goho.qingxu.easy.web.util.ShiroUtils.getSubject(ShiroUtils.java:23) ~[classes/:?]
	at co.goho.qingxu.easy.web.util.ShiroUtils.getSysUser(ShiroUtils.java:36) ~[classes/:?]
	at co.goho.qingxu.easy.conmmon.base.BaseEntity.inParst(BaseEntity.java:55) ~[classes/:?]
	at co.goho.qingxu.easy.service.impl.SysLogininfoServiceImpl.save(SysLogininfoServiceImpl.java:24) ~[classes/:?]
	at co.goho.qingxu.easy.manager.factory.AsyncFactory$3.run(AsyncFactory.java:121) ~[classes/:?]
	at java.util.concurrent.Executors$RunnableAdapter.call(Executors.java:511) ~[?:1.8.0_201]
	at java.util.concurrent.FutureTask.run$$$capture(FutureTask.java:266) ~[?:1.8.0_201]
	at java.util.concurrent.FutureTask.run(FutureTask.java) ~[?:1.8.0_201]
	at java.util.concurrent.ScheduledThreadPoolExecutor$ScheduledFutureTask.access$201(ScheduledThreadPoolExecutor.java:180) ~[?:1.8.0_201]
	at java.util.concurrent.ScheduledThreadPoolExecutor$ScheduledFutureTask.run(ScheduledThreadPoolExecutor.java:293) ~[?:1.8.0_201]
	at java.util.concurrent.ThreadPoolExecutor.runWorker(ThreadPoolExecutor.java:1149) [?:1.8.0_201]
	at java.util.concurrent.ThreadPoolExecutor$Worker.run(ThreadPoolExecutor.java:624) [?:1.8.0_201]
	at java.lang.Thread.run(Thread.java:748) [?:1.8.0_201]
2019-10-14 11:27:31 366 [schedule-pool-1] co.goho.qingxu.easy.session.OnlineWebSessionManager-validateSessions-89[INFO ] :invalidation sessions...
2019-10-14 11:27:31 394 [schedule-pool-1] UserController-determineCurrentLookupKey-30[INFO ] :当前数据源：{}null
2019-10-14 11:27:31 611 [schedule-pool-1] co.goho.qingxu.easy.session.OnlineWebSessionManager-validateSessions-133[INFO ] :Finished invalidation session. No sessions were stopped.
2019-10-14 11:31:54 524 [Thread-26] org.springframework.scheduling.concurrent.ThreadPoolTaskExecutor-shutdown-208[INFO ] :Shutting down ExecutorService 'threadPoolTaskExecutor'
2019-10-14 11:31:54 528 [Thread-26] sys-user-shutdownSpringSessionValidationScheduler-40[INFO ] :====关闭会话验证任务====
2019-10-14 11:31:54 529 [Thread-26] sys-user-shutdownAsyncManager-57[INFO ] :====关闭后台任务任务线程池====
2019-10-14 11:31:54 534 [Thread-26] org.springframework.orm.jpa.LocalContainerEntityManagerFactoryBean-destroy-597[INFO ] :Closing JPA EntityManagerFactory for persistence unit 'default'
2019-10-14 11:31:54 539 [Thread-26] com.alibaba.druid.pool.DruidDataSource-close-1965[INFO ] :{dataSource-0} closing ...
2019-10-14 11:31:54 539 [Thread-26] com.alibaba.druid.pool.DruidDataSource-close-1965[INFO ] :{dataSource-1} closing ...
2019-10-14 11:31:54 544 [Thread-26] com.alibaba.druid.pool.DruidDataSource-close-2037[INFO ] :{dataSource-1} closed
