2019-10-10 22:32:08 542 [main] co.goho.qingxu.shiro.ShiroApplication-logStarting-50[INFO ] :Starting ShiroApplication on qhdeMacBook-Pro.local with PID 65198 (/Users/qh/Documents/ideaWorkspace/spring-boot/shiro/target/classes started by qh in /Users/qh/Documents/ideaWorkspace/spring-boot)
2019-10-10 22:32:08 543 [main] co.goho.qingxu.shiro.ShiroApplication-logStartupProfileInfo-652[INFO ] :The following profiles are active: druid
2019-10-10 22:32:09 038 [main] org.springframework.data.repository.config.RepositoryConfigurationDelegate-registerRepositoriesIn-126[INFO ] :Bootstrapping Spring Data repositories in DEFAULT mode.
2019-10-10 22:32:09 056 [main] org.springframework.data.repository.config.RepositoryConfigurationDelegate-registerRepositoriesIn-182[INFO ] :Finished Spring Data repository scanning in 9ms. Found 0 repository interfaces.
2019-10-10 22:32:09 294 [main] org.springframework.context.support.PostProcessorRegistrationDelegate$BeanPostProcessorChecker-postProcessAfterInitialization-330[INFO ] :Bean 'org.springframework.transaction.annotation.ProxyTransactionManagementConfiguration' of type [org.springframework.transaction.annotation.ProxyTransactionManagementConfiguration$$EnhancerBySpringCGLIB$$1ce14a71] is not eligible for getting processed by all BeanPostProcessors (for example: not eligible for auto-proxying)
2019-10-10 22:32:09 598 [main] org.springframework.boot.web.embedded.tomcat.TomcatWebServer-initialize-90[INFO ] :Tomcat initialized with port(s): 8001 (http)
2019-10-10 22:32:09 607 [main] org.apache.coyote.http11.Http11NioProtocol-log-173[INFO ] :Initializing ProtocolHandler ["http-nio-8001"]
2019-10-10 22:32:09 613 [main] org.apache.catalina.core.StandardService-log-173[INFO ] :Starting service [Tomcat]
2019-10-10 22:32:09 614 [main] org.apache.catalina.core.StandardEngine-log-173[INFO ] :Starting Servlet engine: [Apache Tomcat/9.0.24]
2019-10-10 22:32:09 673 [main] org.apache.catalina.core.ContainerBase.[Tomcat].[localhost].[/]-log-173[INFO ] :Initializing Spring embedded WebApplicationContext
2019-10-10 22:32:09 674 [main] org.springframework.web.context.ContextLoader-prepareWebApplicationContext-284[INFO ] :Root WebApplicationContext: initialization completed in 1080 ms
2019-10-10 22:32:09 762 [main] org.springframework.boot.web.servlet.RegistrationBean-register-110[INFO ] :Servlet statViewServlet was not registered (possibly already registered?)
2019-10-10 22:32:09 763 [main] org.springframework.boot.web.servlet.RegistrationBean-register-110[INFO ] :Filter webStatFilter was not registered (possibly already registered?)
2019-10-10 22:32:09 984 [main] UserController-determineCurrentLookupKey-30[INFO ] :当前数据源：{}null
2019-10-10 22:32:10 021 [main] com.alibaba.druid.pool.DruidDataSource-init-1003[INFO ] :{dataSource-1} inited
2019-10-10 22:32:10 419 [main] org.hibernate.Version-logVersion-46[INFO ] :HHH000412: Hibernate Core {5.3.11.Final}
2019-10-10 22:32:10 420 [main] org.hibernate.cfg.Environment-<clinit>-213[INFO ] :HHH000206: hibernate.properties not found
2019-10-10 22:32:10 548 [main] org.hibernate.annotations.common.Version-<clinit>-49[INFO ] :HCANN000001: Hibernate Commons Annotations {5.0.4.Final}
2019-10-10 22:32:10 701 [main] UserController-determineCurrentLookupKey-30[INFO ] :当前数据源：{}null
2019-10-10 22:32:10 710 [main] org.hibernate.dialect.Dialect-<init>-157[INFO ] :HHH000400: Using dialect: org.hibernate.dialect.MySQL5InnoDBDialect
2019-10-10 22:32:11 697 [main] UserController-determineCurrentLookupKey-30[INFO ] :当前数据源：{}null
2019-10-10 22:32:12 008 [main] org.hibernate.tool.schema.internal.ExceptionHandlerLoggedImpl-handleException-27[WARN ] :GenerationTarget encountered exception accepting command : Error executing DDL "
    alter table sys_menu 
       add constraint FK9fj9fl1n1arw1prhenntlcrrk 
       foreign key (id) 
       references sys_menu (id)" via JDBC Statement
org.hibernate.tool.schema.spi.CommandAcceptanceException: Error executing DDL "
    alter table sys_menu 
       add constraint FK9fj9fl1n1arw1prhenntlcrrk 
       foreign key (id) 
       references sys_menu (id)" via JDBC Statement
	at org.hibernate.tool.schema.internal.exec.GenerationTargetToDatabase.accept(GenerationTargetToDatabase.java:67) ~[hibernate-core-5.3.11.Final.jar:5.3.11.Final]
	at org.hibernate.tool.schema.internal.AbstractSchemaMigrator.applySqlString(AbstractSchemaMigrator.java:559) ~[hibernate-core-5.3.11.Final.jar:5.3.11.Final]
	at org.hibernate.tool.schema.internal.AbstractSchemaMigrator.applySqlStrings(AbstractSchemaMigrator.java:504) ~[hibernate-core-5.3.11.Final.jar:5.3.11.Final]
	at org.hibernate.tool.schema.internal.AbstractSchemaMigrator.applyForeignKeys(AbstractSchemaMigrator.java:433) ~[hibernate-core-5.3.11.Final.jar:5.3.11.Final]
	at org.hibernate.tool.schema.internal.AbstractSchemaMigrator.performMigration(AbstractSchemaMigrator.java:249) ~[hibernate-core-5.3.11.Final.jar:5.3.11.Final]
	at org.hibernate.tool.schema.internal.AbstractSchemaMigrator.doMigration(AbstractSchemaMigrator.java:114) ~[hibernate-core-5.3.11.Final.jar:5.3.11.Final]
	at org.hibernate.tool.schema.spi.SchemaManagementToolCoordinator.performDatabaseAction(SchemaManagementToolCoordinator.java:183) ~[hibernate-core-5.3.11.Final.jar:5.3.11.Final]
	at org.hibernate.tool.schema.spi.SchemaManagementToolCoordinator.process(SchemaManagementToolCoordinator.java:72) ~[hibernate-core-5.3.11.Final.jar:5.3.11.Final]
	at org.hibernate.internal.SessionFactoryImpl.<init>(SessionFactoryImpl.java:310) ~[hibernate-core-5.3.11.Final.jar:5.3.11.Final]
	at org.hibernate.boot.internal.SessionFactoryBuilderImpl.build(SessionFactoryBuilderImpl.java:467) ~[hibernate-core-5.3.11.Final.jar:5.3.11.Final]
	at org.hibernate.jpa.boot.internal.EntityManagerFactoryBuilderImpl.build(EntityManagerFactoryBuilderImpl.java:939) ~[hibernate-core-5.3.11.Final.jar:5.3.11.Final]
	at org.springframework.orm.jpa.vendor.SpringHibernateJpaPersistenceProvider.createContainerEntityManagerFactory(SpringHibernateJpaPersistenceProvider.java:57) ~[spring-orm-5.1.9.RELEASE.jar:5.1.9.RELEASE]
	at org.springframework.orm.jpa.LocalContainerEntityManagerFactoryBean.createNativeEntityManagerFactory(LocalContainerEntityManagerFactoryBean.java:365) ~[spring-orm-5.1.9.RELEASE.jar:5.1.9.RELEASE]
	at org.springframework.orm.jpa.AbstractEntityManagerFactoryBean.buildNativeEntityManagerFactory(AbstractEntityManagerFactoryBean.java:390) ~[spring-orm-5.1.9.RELEASE.jar:5.1.9.RELEASE]
	at org.springframework.orm.jpa.AbstractEntityManagerFactoryBean.afterPropertiesSet(AbstractEntityManagerFactoryBean.java:377) ~[spring-orm-5.1.9.RELEASE.jar:5.1.9.RELEASE]
	at org.springframework.orm.jpa.LocalContainerEntityManagerFactoryBean.afterPropertiesSet(LocalContainerEntityManagerFactoryBean.java:341) ~[spring-orm-5.1.9.RELEASE.jar:5.1.9.RELEASE]
	at org.springframework.beans.factory.support.AbstractAutowireCapableBeanFactory.invokeInitMethods(AbstractAutowireCapableBeanFactory.java:1837) ~[spring-beans-5.1.9.RELEASE.jar:5.1.9.RELEASE]
	at org.springframework.beans.factory.support.AbstractAutowireCapableBeanFactory.initializeBean(AbstractAutowireCapableBeanFactory.java:1774) ~[spring-beans-5.1.9.RELEASE.jar:5.1.9.RELEASE]
	at org.springframework.beans.factory.support.AbstractAutowireCapableBeanFactory.doCreateBean(AbstractAutowireCapableBeanFactory.java:593) ~[spring-beans-5.1.9.RELEASE.jar:5.1.9.RELEASE]
	at org.springframework.beans.factory.support.AbstractAutowireCapableBeanFactory.createBean(AbstractAutowireCapableBeanFactory.java:515) ~[spring-beans-5.1.9.RELEASE.jar:5.1.9.RELEASE]
	at org.springframework.beans.factory.support.AbstractBeanFactory.lambda$doGetBean$0(AbstractBeanFactory.java:320) ~[spring-beans-5.1.9.RELEASE.jar:5.1.9.RELEASE]
	at org.springframework.beans.factory.support.DefaultSingletonBeanRegistry.getSingleton(DefaultSingletonBeanRegistry.java:222) [spring-beans-5.1.9.RELEASE.jar:5.1.9.RELEASE]
	at org.springframework.beans.factory.support.AbstractBeanFactory.doGetBean(AbstractBeanFactory.java:318) [spring-beans-5.1.9.RELEASE.jar:5.1.9.RELEASE]
	at org.springframework.beans.factory.support.AbstractBeanFactory.getBean(AbstractBeanFactory.java:199) [spring-beans-5.1.9.RELEASE.jar:5.1.9.RELEASE]
	at org.springframework.context.support.AbstractApplicationContext.getBean(AbstractApplicationContext.java:1105) [spring-context-5.1.9.RELEASE.jar:5.1.9.RELEASE]
	at org.springframework.context.support.AbstractApplicationContext.finishBeanFactoryInitialization(AbstractApplicationContext.java:867) [spring-context-5.1.9.RELEASE.jar:5.1.9.RELEASE]
	at org.springframework.context.support.AbstractApplicationContext.refresh(AbstractApplicationContext.java:549) [spring-context-5.1.9.RELEASE.jar:5.1.9.RELEASE]
	at org.springframework.boot.web.servlet.context.ServletWebServerApplicationContext.refresh(ServletWebServerApplicationContext.java:141) [spring-boot-2.1.8.RELEASE.jar:2.1.8.RELEASE]
	at org.springframework.boot.SpringApplication.refresh(SpringApplication.java:744) [spring-boot-2.1.8.RELEASE.jar:2.1.8.RELEASE]
	at org.springframework.boot.SpringApplication.refreshContext(SpringApplication.java:391) [spring-boot-2.1.8.RELEASE.jar:2.1.8.RELEASE]
	at org.springframework.boot.SpringApplication.run(SpringApplication.java:312) [spring-boot-2.1.8.RELEASE.jar:2.1.8.RELEASE]
	at org.springframework.boot.SpringApplication.run(SpringApplication.java:1215) [spring-boot-2.1.8.RELEASE.jar:2.1.8.RELEASE]
	at org.springframework.boot.SpringApplication.run(SpringApplication.java:1204) [spring-boot-2.1.8.RELEASE.jar:2.1.8.RELEASE]
	at co.goho.qingxu.shiro.ShiroApplication.main(ShiroApplication.java:11) [classes/:?]
Caused by: java.sql.SQLException: Failed to add the foreign key constraint. Missing index for constraint 'FK9fj9fl1n1arw1prhenntlcrrk' in the referenced table 'sys_menu'
	at com.mysql.cj.jdbc.exceptions.SQLError.createSQLException(SQLError.java:129) ~[mysql-connector-java-8.0.17.jar:8.0.17]
	at com.mysql.cj.jdbc.exceptions.SQLError.createSQLException(SQLError.java:97) ~[mysql-connector-java-8.0.17.jar:8.0.17]
	at com.mysql.cj.jdbc.exceptions.SQLExceptionsMapping.translateException(SQLExceptionsMapping.java:122) ~[mysql-connector-java-8.0.17.jar:8.0.17]
	at com.mysql.cj.jdbc.StatementImpl.executeInternal(StatementImpl.java:764) ~[mysql-connector-java-8.0.17.jar:8.0.17]
	at com.mysql.cj.jdbc.StatementImpl.execute(StatementImpl.java:648) ~[mysql-connector-java-8.0.17.jar:8.0.17]
	at com.alibaba.druid.filter.FilterChainImpl.statement_execute(FilterChainImpl.java:3010) ~[druid-1.1.20.jar:1.1.20]
	at com.alibaba.druid.filter.FilterAdapter.statement_execute(FilterAdapter.java:2484) ~[druid-1.1.20.jar:1.1.20]
	at com.alibaba.druid.filter.FilterEventAdapter.statement_execute(FilterEventAdapter.java:188) ~[druid-1.1.20.jar:1.1.20]
	at com.alibaba.druid.filter.FilterChainImpl.statement_execute(FilterChainImpl.java:3008) ~[druid-1.1.20.jar:1.1.20]
	at com.alibaba.druid.proxy.jdbc.StatementProxyImpl.execute(StatementProxyImpl.java:147) ~[druid-1.1.20.jar:1.1.20]
	at com.alibaba.druid.pool.DruidPooledStatement.execute(DruidPooledStatement.java:633) ~[druid-1.1.20.jar:1.1.20]
	at org.hibernate.tool.schema.internal.exec.GenerationTargetToDatabase.accept(GenerationTargetToDatabase.java:54) ~[hibernate-core-5.3.11.Final.jar:5.3.11.Final]
	... 33 more
2019-10-10 22:32:12 098 [main] org.springframework.orm.jpa.LocalContainerEntityManagerFactoryBean-buildNativeEntityManagerFactory-415[INFO ] :Initialized JPA EntityManagerFactory for persistence unit 'default'
2019-10-10 22:32:12 321 [main] org.springframework.scheduling.concurrent.ThreadPoolTaskExecutor-initialize-171[INFO ] :Initializing ExecutorService 'applicationTaskExecutor'
2019-10-10 22:32:12 501 [main] org.apache.coyote.http11.Http11NioProtocol-log-173[INFO ] :Starting ProtocolHandler ["http-nio-8001"]
2019-10-10 22:32:12 532 [main] org.springframework.boot.web.embedded.tomcat.TomcatWebServer-start-202[INFO ] :Tomcat started on port(s): 8001 (http) with context path ''
2019-10-10 22:32:12 534 [main] co.goho.qingxu.shiro.ShiroApplication-logStarted-59[INFO ] :Started ShiroApplication in 4.347 seconds (JVM running for 5.274)
2019-10-10 22:33:30 222 [Thread-12] org.springframework.scheduling.concurrent.ThreadPoolTaskExecutor-shutdown-208[INFO ] :Shutting down ExecutorService 'applicationTaskExecutor'
2019-10-10 22:33:30 226 [Thread-12] org.springframework.orm.jpa.LocalContainerEntityManagerFactoryBean-destroy-597[INFO ] :Closing JPA EntityManagerFactory for persistence unit 'default'
2019-10-10 22:33:30 243 [Thread-12] com.alibaba.druid.pool.DruidDataSource-close-1965[INFO ] :{dataSource-0} closing ...
2019-10-10 22:33:30 244 [Thread-12] com.alibaba.druid.pool.DruidDataSource-close-1965[INFO ] :{dataSource-1} closing ...
2019-10-10 22:33:30 251 [Thread-12] com.alibaba.druid.pool.DruidDataSource-close-2037[INFO ] :{dataSource-1} closed
2019-10-10 22:35:42 654 [main] co.goho.qingxu.shiro.ShiroApplication-logStarting-50[INFO ] :Starting ShiroApplication on qhdeMacBook-Pro.local with PID 65227 (/Users/qh/Documents/ideaWorkspace/spring-boot/shiro/target/classes started by qh in /Users/qh/Documents/ideaWorkspace/spring-boot)
2019-10-10 22:35:42 656 [main] co.goho.qingxu.shiro.ShiroApplication-logStartupProfileInfo-652[INFO ] :The following profiles are active: druid
2019-10-10 22:35:43 197 [main] org.springframework.data.repository.config.RepositoryConfigurationDelegate-registerRepositoriesIn-126[INFO ] :Bootstrapping Spring Data repositories in DEFAULT mode.
2019-10-10 22:35:43 217 [main] org.springframework.data.repository.config.RepositoryConfigurationDelegate-registerRepositoriesIn-182[INFO ] :Finished Spring Data repository scanning in 12ms. Found 0 repository interfaces.
2019-10-10 22:35:43 483 [main] org.springframework.context.support.PostProcessorRegistrationDelegate$BeanPostProcessorChecker-postProcessAfterInitialization-330[INFO ] :Bean 'org.springframework.transaction.annotation.ProxyTransactionManagementConfiguration' of type [org.springframework.transaction.annotation.ProxyTransactionManagementConfiguration$$EnhancerBySpringCGLIB$$7e2387fa] is not eligible for getting processed by all BeanPostProcessors (for example: not eligible for auto-proxying)
2019-10-10 22:35:43 810 [main] org.springframework.boot.web.embedded.tomcat.TomcatWebServer-initialize-90[INFO ] :Tomcat initialized with port(s): 8001 (http)
2019-10-10 22:35:43 821 [main] org.apache.coyote.http11.Http11NioProtocol-log-173[INFO ] :Initializing ProtocolHandler ["http-nio-8001"]
2019-10-10 22:35:43 827 [main] org.apache.catalina.core.StandardService-log-173[INFO ] :Starting service [Tomcat]
2019-10-10 22:35:43 827 [main] org.apache.catalina.core.StandardEngine-log-173[INFO ] :Starting Servlet engine: [Apache Tomcat/9.0.24]
2019-10-10 22:35:43 949 [main] org.apache.catalina.core.ContainerBase.[Tomcat].[localhost].[/]-log-173[INFO ] :Initializing Spring embedded WebApplicationContext
2019-10-10 22:35:43 950 [main] org.springframework.web.context.ContextLoader-prepareWebApplicationContext-284[INFO ] :Root WebApplicationContext: initialization completed in 1260 ms
2019-10-10 22:35:43 989 [main] org.springframework.boot.web.servlet.RegistrationBean-register-110[INFO ] :Servlet statViewServlet was not registered (possibly already registered?)
2019-10-10 22:35:43 991 [main] org.springframework.boot.web.servlet.RegistrationBean-register-110[INFO ] :Filter webStatFilter was not registered (possibly already registered?)
2019-10-10 22:35:44 203 [main] UserController-determineCurrentLookupKey-30[INFO ] :当前数据源：{}null
2019-10-10 22:35:44 236 [main] com.alibaba.druid.pool.DruidDataSource-init-1003[INFO ] :{dataSource-1} inited
2019-10-10 22:35:44 654 [main] org.hibernate.Version-logVersion-46[INFO ] :HHH000412: Hibernate Core {5.3.11.Final}
2019-10-10 22:35:44 656 [main] org.hibernate.cfg.Environment-<clinit>-213[INFO ] :HHH000206: hibernate.properties not found
2019-10-10 22:35:44 805 [main] org.hibernate.annotations.common.Version-<clinit>-49[INFO ] :HCANN000001: Hibernate Commons Annotations {5.0.4.Final}
2019-10-10 22:35:44 972 [main] UserController-determineCurrentLookupKey-30[INFO ] :当前数据源：{}null
2019-10-10 22:35:44 982 [main] org.hibernate.dialect.Dialect-<init>-157[INFO ] :HHH000400: Using dialect: org.hibernate.dialect.MySQL5InnoDBDialect
2019-10-10 22:35:45 960 [main] UserController-determineCurrentLookupKey-30[INFO ] :当前数据源：{}null
2019-10-10 22:35:46 154 [main] org.hibernate.tool.schema.internal.ExceptionHandlerLoggedImpl-handleException-27[WARN ] :GenerationTarget encountered exception accepting command : Error executing DDL "
    alter table sys_menu 
       add constraint FK9fj9fl1n1arw1prhenntlcrrk 
       foreign key (id) 
       references sys_menu (id)" via JDBC Statement
org.hibernate.tool.schema.spi.CommandAcceptanceException: Error executing DDL "
    alter table sys_menu 
       add constraint FK9fj9fl1n1arw1prhenntlcrrk 
       foreign key (id) 
       references sys_menu (id)" via JDBC Statement
	at org.hibernate.tool.schema.internal.exec.GenerationTargetToDatabase.accept(GenerationTargetToDatabase.java:67) ~[hibernate-core-5.3.11.Final.jar:5.3.11.Final]
	at org.hibernate.tool.schema.internal.AbstractSchemaMigrator.applySqlString(AbstractSchemaMigrator.java:559) ~[hibernate-core-5.3.11.Final.jar:5.3.11.Final]
	at org.hibernate.tool.schema.internal.AbstractSchemaMigrator.applySqlStrings(AbstractSchemaMigrator.java:504) ~[hibernate-core-5.3.11.Final.jar:5.3.11.Final]
	at org.hibernate.tool.schema.internal.AbstractSchemaMigrator.applyForeignKeys(AbstractSchemaMigrator.java:433) ~[hibernate-core-5.3.11.Final.jar:5.3.11.Final]
	at org.hibernate.tool.schema.internal.AbstractSchemaMigrator.performMigration(AbstractSchemaMigrator.java:249) ~[hibernate-core-5.3.11.Final.jar:5.3.11.Final]
	at org.hibernate.tool.schema.internal.AbstractSchemaMigrator.doMigration(AbstractSchemaMigrator.java:114) ~[hibernate-core-5.3.11.Final.jar:5.3.11.Final]
	at org.hibernate.tool.schema.spi.SchemaManagementToolCoordinator.performDatabaseAction(SchemaManagementToolCoordinator.java:183) ~[hibernate-core-5.3.11.Final.jar:5.3.11.Final]
	at org.hibernate.tool.schema.spi.SchemaManagementToolCoordinator.process(SchemaManagementToolCoordinator.java:72) ~[hibernate-core-5.3.11.Final.jar:5.3.11.Final]
	at org.hibernate.internal.SessionFactoryImpl.<init>(SessionFactoryImpl.java:310) ~[hibernate-core-5.3.11.Final.jar:5.3.11.Final]
	at org.hibernate.boot.internal.SessionFactoryBuilderImpl.build(SessionFactoryBuilderImpl.java:467) ~[hibernate-core-5.3.11.Final.jar:5.3.11.Final]
	at org.hibernate.jpa.boot.internal.EntityManagerFactoryBuilderImpl.build(EntityManagerFactoryBuilderImpl.java:939) ~[hibernate-core-5.3.11.Final.jar:5.3.11.Final]
	at org.springframework.orm.jpa.vendor.SpringHibernateJpaPersistenceProvider.createContainerEntityManagerFactory(SpringHibernateJpaPersistenceProvider.java:57) ~[spring-orm-5.1.9.RELEASE.jar:5.1.9.RELEASE]
	at org.springframework.orm.jpa.LocalContainerEntityManagerFactoryBean.createNativeEntityManagerFactory(LocalContainerEntityManagerFactoryBean.java:365) ~[spring-orm-5.1.9.RELEASE.jar:5.1.9.RELEASE]
	at org.springframework.orm.jpa.AbstractEntityManagerFactoryBean.buildNativeEntityManagerFactory(AbstractEntityManagerFactoryBean.java:390) ~[spring-orm-5.1.9.RELEASE.jar:5.1.9.RELEASE]
	at org.springframework.orm.jpa.AbstractEntityManagerFactoryBean.afterPropertiesSet(AbstractEntityManagerFactoryBean.java:377) ~[spring-orm-5.1.9.RELEASE.jar:5.1.9.RELEASE]
	at org.springframework.orm.jpa.LocalContainerEntityManagerFactoryBean.afterPropertiesSet(LocalContainerEntityManagerFactoryBean.java:341) ~[spring-orm-5.1.9.RELEASE.jar:5.1.9.RELEASE]
	at org.springframework.beans.factory.support.AbstractAutowireCapableBeanFactory.invokeInitMethods(AbstractAutowireCapableBeanFactory.java:1837) ~[spring-beans-5.1.9.RELEASE.jar:5.1.9.RELEASE]
	at org.springframework.beans.factory.support.AbstractAutowireCapableBeanFactory.initializeBean(AbstractAutowireCapableBeanFactory.java:1774) ~[spring-beans-5.1.9.RELEASE.jar:5.1.9.RELEASE]
	at org.springframework.beans.factory.support.AbstractAutowireCapableBeanFactory.doCreateBean(AbstractAutowireCapableBeanFactory.java:593) ~[spring-beans-5.1.9.RELEASE.jar:5.1.9.RELEASE]
	at org.springframework.beans.factory.support.AbstractAutowireCapableBeanFactory.createBean(AbstractAutowireCapableBeanFactory.java:515) ~[spring-beans-5.1.9.RELEASE.jar:5.1.9.RELEASE]
	at org.springframework.beans.factory.support.AbstractBeanFactory.lambda$doGetBean$0(AbstractBeanFactory.java:320) ~[spring-beans-5.1.9.RELEASE.jar:5.1.9.RELEASE]
	at org.springframework.beans.factory.support.DefaultSingletonBeanRegistry.getSingleton(DefaultSingletonBeanRegistry.java:222) [spring-beans-5.1.9.RELEASE.jar:5.1.9.RELEASE]
	at org.springframework.beans.factory.support.AbstractBeanFactory.doGetBean(AbstractBeanFactory.java:318) [spring-beans-5.1.9.RELEASE.jar:5.1.9.RELEASE]
	at org.springframework.beans.factory.support.AbstractBeanFactory.getBean(AbstractBeanFactory.java:199) [spring-beans-5.1.9.RELEASE.jar:5.1.9.RELEASE]
	at org.springframework.context.support.AbstractApplicationContext.getBean(AbstractApplicationContext.java:1105) [spring-context-5.1.9.RELEASE.jar:5.1.9.RELEASE]
	at org.springframework.context.support.AbstractApplicationContext.finishBeanFactoryInitialization(AbstractApplicationContext.java:867) [spring-context-5.1.9.RELEASE.jar:5.1.9.RELEASE]
	at org.springframework.context.support.AbstractApplicationContext.refresh(AbstractApplicationContext.java:549) [spring-context-5.1.9.RELEASE.jar:5.1.9.RELEASE]
	at org.springframework.boot.web.servlet.context.ServletWebServerApplicationContext.refresh(ServletWebServerApplicationContext.java:141) [spring-boot-2.1.8.RELEASE.jar:2.1.8.RELEASE]
	at org.springframework.boot.SpringApplication.refresh(SpringApplication.java:744) [spring-boot-2.1.8.RELEASE.jar:2.1.8.RELEASE]
	at org.springframework.boot.SpringApplication.refreshContext(SpringApplication.java:391) [spring-boot-2.1.8.RELEASE.jar:2.1.8.RELEASE]
	at org.springframework.boot.SpringApplication.run(SpringApplication.java:312) [spring-boot-2.1.8.RELEASE.jar:2.1.8.RELEASE]
	at org.springframework.boot.SpringApplication.run(SpringApplication.java:1215) [spring-boot-2.1.8.RELEASE.jar:2.1.8.RELEASE]
	at org.springframework.boot.SpringApplication.run(SpringApplication.java:1204) [spring-boot-2.1.8.RELEASE.jar:2.1.8.RELEASE]
	at co.goho.qingxu.shiro.ShiroApplication.main(ShiroApplication.java:11) [classes/:?]
Caused by: java.sql.SQLException: Failed to add the foreign key constraint. Missing index for constraint 'FK9fj9fl1n1arw1prhenntlcrrk' in the referenced table 'sys_menu'
	at com.mysql.cj.jdbc.exceptions.SQLError.createSQLException(SQLError.java:129) ~[mysql-connector-java-8.0.17.jar:8.0.17]
	at com.mysql.cj.jdbc.exceptions.SQLError.createSQLException(SQLError.java:97) ~[mysql-connector-java-8.0.17.jar:8.0.17]
	at com.mysql.cj.jdbc.exceptions.SQLExceptionsMapping.translateException(SQLExceptionsMapping.java:122) ~[mysql-connector-java-8.0.17.jar:8.0.17]
	at com.mysql.cj.jdbc.StatementImpl.executeInternal(StatementImpl.java:764) ~[mysql-connector-java-8.0.17.jar:8.0.17]
	at com.mysql.cj.jdbc.StatementImpl.execute(StatementImpl.java:648) ~[mysql-connector-java-8.0.17.jar:8.0.17]
	at com.alibaba.druid.filter.FilterChainImpl.statement_execute(FilterChainImpl.java:3010) ~[druid-1.1.20.jar:1.1.20]
	at com.alibaba.druid.filter.FilterAdapter.statement_execute(FilterAdapter.java:2484) ~[druid-1.1.20.jar:1.1.20]
	at com.alibaba.druid.filter.FilterEventAdapter.statement_execute(FilterEventAdapter.java:188) ~[druid-1.1.20.jar:1.1.20]
	at com.alibaba.druid.filter.FilterChainImpl.statement_execute(FilterChainImpl.java:3008) ~[druid-1.1.20.jar:1.1.20]
	at com.alibaba.druid.proxy.jdbc.StatementProxyImpl.execute(StatementProxyImpl.java:147) ~[druid-1.1.20.jar:1.1.20]
	at com.alibaba.druid.pool.DruidPooledStatement.execute(DruidPooledStatement.java:633) ~[druid-1.1.20.jar:1.1.20]
	at org.hibernate.tool.schema.internal.exec.GenerationTargetToDatabase.accept(GenerationTargetToDatabase.java:54) ~[hibernate-core-5.3.11.Final.jar:5.3.11.Final]
	... 33 more
2019-10-10 22:35:46 199 [main] org.springframework.orm.jpa.LocalContainerEntityManagerFactoryBean-buildNativeEntityManagerFactory-415[INFO ] :Initialized JPA EntityManagerFactory for persistence unit 'default'
2019-10-10 22:35:46 424 [main] org.springframework.scheduling.concurrent.ThreadPoolTaskExecutor-initialize-171[INFO ] :Initializing ExecutorService 'applicationTaskExecutor'
2019-10-10 22:35:46 483 [main] org.springframework.boot.autoconfigure.web.servlet.WelcomePageHandlerMapping-<init>-58[INFO ] :Adding welcome page template: index
2019-10-10 22:35:46 796 [main] org.apache.coyote.http11.Http11NioProtocol-log-173[INFO ] :Starting ProtocolHandler ["http-nio-8001"]
2019-10-10 22:35:46 825 [main] org.springframework.boot.web.embedded.tomcat.TomcatWebServer-start-202[INFO ] :Tomcat started on port(s): 8001 (http) with context path ''
2019-10-10 22:35:46 828 [main] co.goho.qingxu.shiro.ShiroApplication-logStarted-59[INFO ] :Started ShiroApplication in 4.592 seconds (JVM running for 5.418)
2019-10-10 22:44:43 178 [Thread-12] org.springframework.scheduling.concurrent.ThreadPoolTaskExecutor-shutdown-208[INFO ] :Shutting down ExecutorService 'applicationTaskExecutor'
2019-10-10 22:44:43 183 [Thread-12] org.springframework.orm.jpa.LocalContainerEntityManagerFactoryBean-destroy-597[INFO ] :Closing JPA EntityManagerFactory for persistence unit 'default'
2019-10-10 22:44:43 197 [Thread-12] com.alibaba.druid.pool.DruidDataSource-close-1965[INFO ] :{dataSource-0} closing ...
2019-10-10 22:44:43 198 [Thread-12] com.alibaba.druid.pool.DruidDataSource-close-1965[INFO ] :{dataSource-1} closing ...
2019-10-10 22:44:43 209 [Thread-12] com.alibaba.druid.pool.DruidDataSource-close-2037[INFO ] :{dataSource-1} closed
