03:35:35.652 [http-nio-8000-exec-1] DEBUG com.zaxxer.hikari.HikariConfig - catalog.........................none
03:35:35.652 [http-nio-8000-exec-1] DEBUG com.zaxxer.hikari.HikariConfig - connectionInitSql...............none
03:35:35.652 [http-nio-8000-exec-1] DEBUG com.zaxxer.hikari.HikariConfig - connectionTestQuery.............none
03:35:35.652 [http-nio-8000-exec-1] DEBUG com.zaxxer.hikari.HikariConfig - connectionTimeout...............30000
03:35:35.653 [http-nio-8000-exec-1] DEBUG com.zaxxer.hikari.HikariConfig - dataSource......................none
03:35:35.653 [http-nio-8000-exec-1] DEBUG com.zaxxer.hikari.HikariConfig - dataSourceClassName.............none
03:35:35.653 [http-nio-8000-exec-1] DEBUG com.zaxxer.hikari.HikariConfig - dataSourceJNDI..................none
03:35:35.653 [http-nio-8000-exec-1] DEBUG com.zaxxer.hikari.HikariConfig - dataSourceProperties............{password=<masked>}
03:35:35.653 [http-nio-8000-exec-1] DEBUG com.zaxxer.hikari.HikariConfig - driverClassName................."com.mysql.cj.jdbc.Driver"
03:35:35.653 [http-nio-8000-exec-1] DEBUG com.zaxxer.hikari.HikariConfig - healthCheckProperties...........{}
03:35:35.653 [http-nio-8000-exec-1] DEBUG com.zaxxer.hikari.HikariConfig - healthCheckRegistry.............none
03:35:35.653 [http-nio-8000-exec-1] DEBUG com.zaxxer.hikari.HikariConfig - idleTimeout.....................600000
03:35:35.653 [http-nio-8000-exec-1] DEBUG com.zaxxer.hikari.HikariConfig - initializationFailTimeout.......1
03:35:35.653 [http-nio-8000-exec-1] DEBUG com.zaxxer.hikari.HikariConfig - isolateInternalQueries..........false
03:35:35.653 [http-nio-8000-exec-1] DEBUG com.zaxxer.hikari.HikariConfig - jdbcUrl.........................jdbc:mysql://localhost:3306/test
03:35:35.653 [http-nio-8000-exec-1] DEBUG com.zaxxer.hikari.HikariConfig - leakDetectionThreshold..........0
03:35:35.653 [http-nio-8000-exec-1] DEBUG com.zaxxer.hikari.HikariConfig - maxLifetime.....................1800000
03:35:35.654 [http-nio-8000-exec-1] DEBUG com.zaxxer.hikari.HikariConfig - maximumPoolSize.................10
03:35:35.654 [http-nio-8000-exec-1] DEBUG com.zaxxer.hikari.HikariConfig - metricRegistry..................none
03:35:35.654 [http-nio-8000-exec-1] DEBUG com.zaxxer.hikari.HikariConfig - metricsTrackerFactory...........none
03:35:35.654 [http-nio-8000-exec-1] DEBUG com.zaxxer.hikari.HikariConfig - minimumIdle.....................10
03:35:35.654 [http-nio-8000-exec-1] DEBUG com.zaxxer.hikari.HikariConfig - password........................<masked>
03:35:35.654 [http-nio-8000-exec-1] DEBUG com.zaxxer.hikari.HikariConfig - poolName........................"HikariPool-1"
03:35:35.654 [http-nio-8000-exec-1] DEBUG com.zaxxer.hikari.HikariConfig - readOnly........................false
03:35:35.654 [http-nio-8000-exec-1] DEBUG com.zaxxer.hikari.HikariConfig - registerMbeans..................false
03:35:35.654 [http-nio-8000-exec-1] DEBUG com.zaxxer.hikari.HikariConfig - scheduledExecutor...............none
03:35:35.654 [http-nio-8000-exec-1] DEBUG com.zaxxer.hikari.HikariConfig - schema..........................none
03:35:35.654 [http-nio-8000-exec-1] DEBUG com.zaxxer.hikari.HikariConfig - threadFactory...................internal
03:35:35.654 [http-nio-8000-exec-1] DEBUG com.zaxxer.hikari.HikariConfig - transactionIsolation............default
03:35:35.654 [http-nio-8000-exec-1] DEBUG com.zaxxer.hikari.HikariConfig - username........................"test"
03:35:35.654 [http-nio-8000-exec-1] DEBUG com.zaxxer.hikari.HikariConfig - validationTimeout...............5000
03:35:35.654 [http-nio-8000-exec-1] INFO  com.zaxxer.hikari.HikariDataSource - HikariPool-1 - Starting...
